---------------------------------------------------------------
[ 2017-08-24T16:17:15+08:00 ] ::1 ::1 GET /admin/cate/edit/cateid/34.html
[ info ] www.bintp.com/admin/cate/edit/cateid/34.html [运行时间：0.083651s][吞吐率：11.95req/s] [内存消耗：3,560.25kb] [文件加载：58]
[ info ] [ LANG ] /Users/yinbin/Code/bintp/thinkphp/lang/zh-cn.php
[ info ] [ ROUTE ] array (
  'type' => 'module',
  'module' => 
  array (
    0 => 'admin',
    1 => 'cate',
    2 => 'edit',
  ),
)
[ info ] [ HEADER ] array (
  'host' => 'www.bintp.com',
  'connection' => 'keep-alive',
  'upgrade-insecure-requests' => '1',
  'user-agent' => 'Mozilla/5.0 (Macintosh; Intel Mac OS X 10_12_5) AppleWebKit/537.36 (KHTML, like Gecko) Chrome/60.0.3112.101 Safari/537.36',
  'accept' => 'text/html,application/xhtml+xml,application/xml;q=0.9,image/webp,image/apng,*/*;q=0.8',
  'referer' => 'http://www.bintp.com/admin/cate/index.html',
  'accept-encoding' => 'gzip, deflate',
  'accept-language' => 'zh-CN,zh;q=0.8,en;q=0.6',
  'cookie' => 'pgv_pvi=2248419328; pgv_si=s241414144',
)
[ info ] [ PARAM ] array (
  'cateid' => '34',
)
[ info ] [ RUN ] app\admin\controller\Cate->edit[ /Users/yinbin/Code/bintp/application/admin/controller/Cate.php ]
[ info ] [ DB ] INIT mysql
[ info ] [ VIEW ] /Users/yinbin/Code/bintp/public/../application/admin/view/cate/edit.htm [ array (
  0 => 'con',
  1 => 'cates',
) ]
[ info ] [ LOG ] INIT File
[ sql ] [ DB ] CONNECT:[ UseTime:0.000709s ] mysql:dbname=bin_cms;host=127.0.0.1;charset=utf8
[ sql ] [ SQL ] SHOW COLUMNS FROM `cms_cate` [ RunTime:0.006027s ]
[ sql ] [ SQL ] SELECT * FROM `cms_cate` WHERE  `id` = 34 LIMIT 1 [ RunTime:0.001134s ]
---------------------------------------------------------------
[ 2017-08-24T16:17:15+08:00 ] ::1 ::1 GET /static/admin/fonts/fontawesome-webfont.woff2?v=4.3.0
[ info ] www.bintp.com/static/admin/fonts/fontawesome-webfont.woff2?v=4.3.0 [运行时间：0.047071s][吞吐率：21.24req/s] [内存消耗：1,862.88kb] [文件加载：40]
[ info ] [ LANG ] /Users/yinbin/Code/bintp/thinkphp/lang/zh-cn.php
[ info ] [ ROUTE ] array (
  'type' => 'module',
  'module' => 
  array (
    0 => 'static',
    1 => 'admin',
    2 => 'fonts',
  ),
)
[ info ] [ HEADER ] array (
  'host' => 'www.bintp.com',
  'connection' => 'keep-alive',
  'origin' => 'http://www.bintp.com',
  'user-agent' => 'Mozilla/5.0 (Macintosh; Intel Mac OS X 10_12_5) AppleWebKit/537.36 (KHTML, like Gecko) Chrome/60.0.3112.101 Safari/537.36',
  'accept' => '*/*',
  'referer' => 'http://www.bintp.com/static/admin/style/font-awesome.css',
  'accept-encoding' => 'gzip, deflate',
  'accept-language' => 'zh-CN,zh;q=0.8,en;q=0.6',
  'cookie' => 'pgv_pvi=2248419328; pgv_si=s241414144',
)
[ info ] [ PARAM ] array (
  'v' => '4.3.0',
)
[ info ] [ LOG ] INIT File
