---------------------------------------------------------------
[ 2017-09-18T00:00:01+08:00 ] ::1 ::1 GET /admin/cate/edit/cateid/37.html
[ info ] www.bintp.com/admin/cate/edit/cateid/37.html [运行时间：0.059104s][吞吐率：16.92req/s] [内存消耗：3,326.87kb] [文件加载：56]
[ info ] [ LANG ] /Users/yinbin/Code/bintp/thinkphp/lang/zh-cn.php
[ info ] [ ROUTE ] array (
  'type' => 'module',
  'module' => 
  array (
    0 => 'admin',
    1 => 'cate',
    2 => 'edit',
  ),
)
[ info ] [ HEADER ] array (
  'host' => 'www.bintp.com',
  'connection' => 'keep-alive',
  'upgrade-insecure-requests' => '1',
  'user-agent' => 'Mozilla/5.0 (Macintosh; Intel Mac OS X 10_12_5) AppleWebKit/537.36 (KHTML, like Gecko) Chrome/60.0.3112.113 Safari/537.36',
  'accept' => 'text/html,application/xhtml+xml,application/xml;q=0.9,image/webp,image/apng,*/*;q=0.8',
  'referer' => 'http://www.bintp.com/admin/cate/index.html',
  'accept-encoding' => 'gzip, deflate',
  'accept-language' => 'zh-CN,zh;q=0.8,en;q=0.6',
  'cookie' => 'pgv_pvi=2248419328; pgv_si=s4841513984',
)
[ info ] [ PARAM ] array (
  'cateid' => '37',
)
[ info ] [ RUN ] app\admin\controller\Cate->edit[ /Users/yinbin/Code/bintp/application/admin/controller/Cate.php ]
[ info ] [ DB ] INIT mysql
[ info ] [ VIEW ] /Users/yinbin/Code/bintp/public/../application/admin/view/cate/edit.htm [ array (
  0 => 'con',
  1 => 'cates',
) ]
[ info ] [ LOG ] INIT File
[ sql ] [ DB ] CONNECT:[ UseTime:0.001660s ] mysql:dbname=bin_cms;host=127.0.0.1;charset=utf8
[ sql ] [ SQL ] SHOW COLUMNS FROM `cms_cate` [ RunTime:0.005874s ]
[ sql ] [ SQL ] SELECT * FROM `cms_cate` WHERE  `id` = 37 LIMIT 1 [ RunTime:0.000945s ]
---------------------------------------------------------------
[ 2017-09-18T00:00:01+08:00 ] ::1 ::1 GET /static/admin/fonts/fontawesome-webfont.woff2?v=4.3.0
[ info ] www.bintp.com/static/admin/fonts/fontawesome-webfont.woff2?v=4.3.0 [运行时间：0.043559s][吞吐率：22.96req/s] [内存消耗：1,862.91kb] [文件加载：40]
[ info ] [ LANG ] /Users/yinbin/Code/bintp/thinkphp/lang/zh-cn.php
[ info ] [ ROUTE ] array (
  'type' => 'module',
  'module' => 
  array (
    0 => 'static',
    1 => 'admin',
    2 => 'fonts',
  ),
)
[ info ] [ HEADER ] array (
  'host' => 'www.bintp.com',
  'connection' => 'keep-alive',
  'user-agent' => 'Mozilla/5.0 (Macintosh; Intel Mac OS X 10_12_5) AppleWebKit/537.36 (KHTML, like Gecko) Chrome/60.0.3112.113 Safari/537.36',
  'origin' => 'http://www.bintp.com',
  'accept' => '*/*',
  'referer' => 'http://www.bintp.com/static/admin/style/font-awesome.css',
  'accept-encoding' => 'gzip, deflate',
  'accept-language' => 'zh-CN,zh;q=0.8,en;q=0.6',
  'cookie' => 'pgv_pvi=2248419328; pgv_si=s4841513984',
)
[ info ] [ PARAM ] array (
  'v' => '4.3.0',
)
[ info ] [ LOG ] INIT File
---------------------------------------------------------------
[ 2017-09-18T00:00:04+08:00 ] ::1 ::1 POST /admin/cate/add.html
[ info ] www.bintp.com/admin/cate/add.html [运行时间：0.061146s][吞吐率：16.35req/s] [内存消耗：3,331.74kb] [文件加载：57]
[ info ] [ LANG ] /Users/yinbin/Code/bintp/thinkphp/lang/zh-cn.php
[ info ] [ ROUTE ] array (
  'type' => 'module',
  'module' => 
  array (
    0 => 'admin',
    1 => 'cate',
    2 => 'add',
  ),
)
[ info ] [ HEADER ] array (
  'host' => 'www.bintp.com',
  'connection' => 'keep-alive',
  'content-length' => '200',
  'accept' => '*/*',
  'origin' => 'http://www.bintp.com',
  'x-requested-with' => 'XMLHttpRequest',
  'user-agent' => 'Mozilla/5.0 (Macintosh; Intel Mac OS X 10_12_5) AppleWebKit/537.36 (KHTML, like Gecko) Chrome/60.0.3112.113 Safari/537.36',
  'content-type' => 'application/x-www-form-urlencoded; charset=UTF-8',
  'referer' => 'http://www.bintp.com/admin/cate/edit/cateid/37.html',
  'accept-encoding' => 'gzip, deflate',
  'accept-language' => 'zh-CN,zh;q=0.8,en;q=0.6',
  'cookie' => 'pgv_pvi=2248419328; pgv_si=s4841513984',
)
[ info ] [ PARAM ] array (
  'model_id' => '1',
  'pid' => '0',
  'cate_name' => '1',
  'status' => '0',
  'img' => '',
  'cate_attr' => '1',
  'list_tmp' => '111111111111111',
  'index_tmp' => '2',
  'article_tmp' => '3333333222',
  'link' => '111111111',
  'title' => '5',
  'keywords' => '6',
  'desc' => '7',
  'content' => '<p>8888888888888</p>',
  'id' => '37',
)
[ info ] [ RUN ] app\admin\controller\Cate->add[ /Users/yinbin/Code/bintp/application/admin/controller/Cate.php ]
[ info ] [ DB ] INIT mysql
[ info ] [ CACHE ] INIT File
[ info ] [ LOG ] INIT File
[ sql ] [ DB ] CONNECT:[ UseTime:0.000811s ] mysql:dbname=bin_cms;host=127.0.0.1;charset=utf8
[ sql ] [ SQL ] SHOW COLUMNS FROM `cms_cate` [ RunTime:0.005717s ]
[ sql ] [ SQL ] UPDATE `cms_cate`  SET `model_id`=1,`pid`=0,`cate_name`='1',`status`=0,`img`='',`cate_attr`=1,`list_tmp`='111111111111111',`index_tmp`='2',`article_tmp`='3333333222',`link`='111111111',`title`='5',`keywords`='6',`desc`='7',`content`='<p>8888888888888</p>'  WHERE  `id` = 37 [ RunTime:0.002123s ]
---------------------------------------------------------------
[ 2017-09-18T00:00:05+08:00 ] ::1 ::1 GET /admin/cate/index.html
[ info ] www.bintp.com/admin/cate/index.html [运行时间：0.064943s][吞吐率：15.40req/s] [内存消耗：3,790.02kb] [文件加载：58]
[ info ] [ LANG ] /Users/yinbin/Code/bintp/thinkphp/lang/zh-cn.php
[ info ] [ ROUTE ] array (
  'type' => 'module',
  'module' => 
  array (
    0 => 'admin',
    1 => 'cate',
    2 => 'index',
  ),
)
[ info ] [ HEADER ] array (
  'host' => 'www.bintp.com',
  'connection' => 'keep-alive',
  'upgrade-insecure-requests' => '1',
  'user-agent' => 'Mozilla/5.0 (Macintosh; Intel Mac OS X 10_12_5) AppleWebKit/537.36 (KHTML, like Gecko) Chrome/60.0.3112.113 Safari/537.36',
  'accept' => 'text/html,application/xhtml+xml,application/xml;q=0.9,image/webp,image/apng,*/*;q=0.8',
  'referer' => 'http://www.bintp.com/admin/cate/edit/cateid/37.html',
  'accept-encoding' => 'gzip, deflate',
  'accept-language' => 'zh-CN,zh;q=0.8,en;q=0.6',
  'cookie' => 'pgv_pvi=2248419328; pgv_si=s4841513984',
)
[ info ] [ PARAM ] array (
)
[ info ] [ RUN ] app\admin\controller\Cate->index[ /Users/yinbin/Code/bintp/application/admin/controller/Cate.php ]
[ info ] [ DB ] INIT mysql
[ info ] [ VIEW ] /Users/yinbin/Code/bintp/public/../application/admin/view/cate/index.htm [ array (
  0 => 'con',
  1 => 'cateRes',
) ]
[ info ] [ LOG ] INIT File
[ sql ] [ DB ] CONNECT:[ UseTime:0.000702s ] mysql:dbname=bin_cms;host=127.0.0.1;charset=utf8
[ sql ] [ SQL ] SHOW COLUMNS FROM `cms_cate` [ RunTime:0.005690s ]
[ sql ] [ SQL ] SELECT * FROM `cms_cate` ORDER BY sort desc [ RunTime:0.000972s ]
---------------------------------------------------------------
[ 2017-09-18T00:00:05+08:00 ] ::1 ::1 GET /static/admin/fonts/fontawesome-webfont.woff2?v=4.3.0
[ info ] www.bintp.com/static/admin/fonts/fontawesome-webfont.woff2?v=4.3.0 [运行时间：0.037201s][吞吐率：26.88req/s] [内存消耗：1,862.91kb] [文件加载：40]
[ info ] [ LANG ] /Users/yinbin/Code/bintp/thinkphp/lang/zh-cn.php
[ info ] [ ROUTE ] array (
  'type' => 'module',
  'module' => 
  array (
    0 => 'static',
    1 => 'admin',
    2 => 'fonts',
  ),
)
[ info ] [ HEADER ] array (
  'host' => 'www.bintp.com',
  'connection' => 'keep-alive',
  'user-agent' => 'Mozilla/5.0 (Macintosh; Intel Mac OS X 10_12_5) AppleWebKit/537.36 (KHTML, like Gecko) Chrome/60.0.3112.113 Safari/537.36',
  'origin' => 'http://www.bintp.com',
  'accept' => '*/*',
  'referer' => 'http://www.bintp.com/static/admin/style/font-awesome.css',
  'accept-encoding' => 'gzip, deflate',
  'accept-language' => 'zh-CN,zh;q=0.8,en;q=0.6',
  'cookie' => 'pgv_pvi=2248419328; pgv_si=s4841513984',
)
[ info ] [ PARAM ] array (
  'v' => '4.3.0',
)
[ info ] [ LOG ] INIT File
---------------------------------------------------------------
[ 2017-09-18T00:00:08+08:00 ] ::1 ::1 POST /admin/cate/catestatus.html
[ info ] www.bintp.com/admin/cate/catestatus.html [运行时间：0.059094s][吞吐率：16.92req/s] [内存消耗：3,315.34kb] [文件加载：57]
[ info ] [ LANG ] /Users/yinbin/Code/bintp/thinkphp/lang/zh-cn.php
[ info ] [ ROUTE ] array (
  'type' => 'module',
  'module' => 
  array (
    0 => 'admin',
    1 => 'cate',
    2 => 'catestatus',
  ),
)
[ info ] [ HEADER ] array (
  'host' => 'www.bintp.com',
  'connection' => 'keep-alive',
  'content-length' => '9',
  'accept' => '*/*',
  'origin' => 'http://www.bintp.com',
  'x-requested-with' => 'XMLHttpRequest',
  'user-agent' => 'Mozilla/5.0 (Macintosh; Intel Mac OS X 10_12_5) AppleWebKit/537.36 (KHTML, like Gecko) Chrome/60.0.3112.113 Safari/537.36',
  'content-type' => 'application/x-www-form-urlencoded; charset=UTF-8',
  'referer' => 'http://www.bintp.com/admin/cate/index.html',
  'accept-encoding' => 'gzip, deflate',
  'accept-language' => 'zh-CN,zh;q=0.8,en;q=0.6',
  'cookie' => 'pgv_pvi=2248419328; pgv_si=s4841513984',
)
[ info ] [ PARAM ] array (
  'cateid' => '37',
)
[ info ] [ RUN ] app\admin\controller\Cate->cateStatus[ /Users/yinbin/Code/bintp/application/admin/controller/Cate.php ]
[ info ] [ DB ] INIT mysql
[ info ] [ CACHE ] INIT File
[ info ] [ LOG ] INIT File
[ sql ] [ DB ] CONNECT:[ UseTime:0.000728s ] mysql:dbname=bin_cms;host=127.0.0.1;charset=utf8
[ sql ] [ SQL ] SHOW COLUMNS FROM `cms_cate` [ RunTime:0.005615s ]
[ sql ] [ SQL ] SELECT `status` FROM `cms_cate` WHERE  `id` = 37 LIMIT 1 [ RunTime:0.000733s ]
[ sql ] [ SQL ] UPDATE `cms_cate`  SET `status`=1  WHERE  `id` = 37 [ RunTime:0.001845s ]
---------------------------------------------------------------
[ 2017-09-18T00:00:09+08:00 ] ::1 ::1 POST /admin/cate/catestatus.html
[ info ] www.bintp.com/admin/cate/catestatus.html [运行时间：0.058671s][吞吐率：17.04req/s] [内存消耗：3,315.34kb] [文件加载：57]
[ info ] [ LANG ] /Users/yinbin/Code/bintp/thinkphp/lang/zh-cn.php
[ info ] [ ROUTE ] array (
  'type' => 'module',
  'module' => 
  array (
    0 => 'admin',
    1 => 'cate',
    2 => 'catestatus',
  ),
)
[ info ] [ HEADER ] array (
  'host' => 'www.bintp.com',
  'connection' => 'keep-alive',
  'content-length' => '9',
  'accept' => '*/*',
  'origin' => 'http://www.bintp.com',
  'x-requested-with' => 'XMLHttpRequest',
  'user-agent' => 'Mozilla/5.0 (Macintosh; Intel Mac OS X 10_12_5) AppleWebKit/537.36 (KHTML, like Gecko) Chrome/60.0.3112.113 Safari/537.36',
  'content-type' => 'application/x-www-form-urlencoded; charset=UTF-8',
  'referer' => 'http://www.bintp.com/admin/cate/index.html',
  'accept-encoding' => 'gzip, deflate',
  'accept-language' => 'zh-CN,zh;q=0.8,en;q=0.6',
  'cookie' => 'pgv_pvi=2248419328; pgv_si=s4841513984',
)
[ info ] [ PARAM ] array (
  'cateid' => '37',
)
[ info ] [ RUN ] app\admin\controller\Cate->cateStatus[ /Users/yinbin/Code/bintp/application/admin/controller/Cate.php ]
[ info ] [ DB ] INIT mysql
[ info ] [ CACHE ] INIT File
[ info ] [ LOG ] INIT File
[ sql ] [ DB ] CONNECT:[ UseTime:0.000738s ] mysql:dbname=bin_cms;host=127.0.0.1;charset=utf8
[ sql ] [ SQL ] SHOW COLUMNS FROM `cms_cate` [ RunTime:0.005552s ]
[ sql ] [ SQL ] SELECT `status` FROM `cms_cate` WHERE  `id` = 37 LIMIT 1 [ RunTime:0.000750s ]
[ sql ] [ SQL ] UPDATE `cms_cate`  SET `status`=0  WHERE  `id` = 37 [ RunTime:0.001700s ]
---------------------------------------------------------------
[ 2017-09-18T00:02:15+08:00 ] ::1 ::1 GET /admin/cate/edit/cateid/37.html
[ info ] www.bintp.com/admin/cate/edit/cateid/37.html [运行时间：0.063947s][吞吐率：15.64req/s] [内存消耗：3,327.02kb] [文件加载：56]
[ info ] [ LANG ] /Users/yinbin/Code/bintp/thinkphp/lang/zh-cn.php
[ info ] [ ROUTE ] array (
  'type' => 'module',
  'module' => 
  array (
    0 => 'admin',
    1 => 'cate',
    2 => 'edit',
  ),
)
[ info ] [ HEADER ] array (
  'host' => 'www.bintp.com',
  'connection' => 'keep-alive',
  'upgrade-insecure-requests' => '1',
  'user-agent' => 'Mozilla/5.0 (Macintosh; Intel Mac OS X 10_12_5) AppleWebKit/537.36 (KHTML, like Gecko) Chrome/60.0.3112.113 Safari/537.36',
  'accept' => 'text/html,application/xhtml+xml,application/xml;q=0.9,image/webp,image/apng,*/*;q=0.8',
  'referer' => 'http://www.bintp.com/admin/cate/index.html',
  'accept-encoding' => 'gzip, deflate',
  'accept-language' => 'zh-CN,zh;q=0.8,en;q=0.6',
  'cookie' => 'pgv_pvi=2248419328; pgv_si=s4841513984',
)
[ info ] [ PARAM ] array (
  'cateid' => '37',
)
[ info ] [ RUN ] app\admin\controller\Cate->edit[ /Users/yinbin/Code/bintp/application/admin/controller/Cate.php ]
[ info ] [ DB ] INIT mysql
[ info ] [ VIEW ] /Users/yinbin/Code/bintp/public/../application/admin/view/cate/edit.htm [ array (
  0 => 'con',
  1 => 'cates',
) ]
[ info ] [ LOG ] INIT File
[ sql ] [ DB ] CONNECT:[ UseTime:0.000699s ] mysql:dbname=bin_cms;host=127.0.0.1;charset=utf8
[ sql ] [ SQL ] SHOW COLUMNS FROM `cms_cate` [ RunTime:0.005868s ]
[ sql ] [ SQL ] SELECT * FROM `cms_cate` WHERE  `id` = 37 LIMIT 1 [ RunTime:0.000889s ]
---------------------------------------------------------------
[ 2017-09-18T00:02:15+08:00 ] ::1 ::1 GET /static/admin/fonts/fontawesome-webfont.woff2?v=4.3.0
[ info ] www.bintp.com/static/admin/fonts/fontawesome-webfont.woff2?v=4.3.0 [运行时间：0.039645s][吞吐率：25.22req/s] [内存消耗：1,862.91kb] [文件加载：40]
[ info ] [ LANG ] /Users/yinbin/Code/bintp/thinkphp/lang/zh-cn.php
[ info ] [ ROUTE ] array (
  'type' => 'module',
  'module' => 
  array (
    0 => 'static',
    1 => 'admin',
    2 => 'fonts',
  ),
)
[ info ] [ HEADER ] array (
  'host' => 'www.bintp.com',
  'connection' => 'keep-alive',
  'user-agent' => 'Mozilla/5.0 (Macintosh; Intel Mac OS X 10_12_5) AppleWebKit/537.36 (KHTML, like Gecko) Chrome/60.0.3112.113 Safari/537.36',
  'origin' => 'http://www.bintp.com',
  'accept' => '*/*',
  'referer' => 'http://www.bintp.com/static/admin/style/font-awesome.css',
  'accept-encoding' => 'gzip, deflate',
  'accept-language' => 'zh-CN,zh;q=0.8,en;q=0.6',
  'cookie' => 'pgv_pvi=2248419328; pgv_si=s4841513984',
)
[ info ] [ PARAM ] array (
  'v' => '4.3.0',
)
[ info ] [ LOG ] INIT File
---------------------------------------------------------------
[ 2017-09-18T00:02:49+08:00 ] ::1 ::1 POST /admin/cate/add.html
[ info ] www.bintp.com/admin/cate/add.html [运行时间：0.054197s][吞吐率：18.45req/s] [内存消耗：2,131.02kb] [文件加载：44]
[ info ] [ LANG ] /Users/yinbin/Code/bintp/thinkphp/lang/zh-cn.php
[ info ] [ ROUTE ] array (
  'type' => 'module',
  'module' => 
  array (
    0 => 'admin',
    1 => 'cate',
    2 => 'add',
  ),
)
[ info ] [ HEADER ] array (
  'host' => 'www.bintp.com',
  'connection' => 'keep-alive',
  'content-length' => '191',
  'accept' => '*/*',
  'origin' => 'http://www.bintp.com',
  'x-requested-with' => 'XMLHttpRequest',
  'user-agent' => 'Mozilla/5.0 (Macintosh; Intel Mac OS X 10_12_5) AppleWebKit/537.36 (KHTML, like Gecko) Chrome/60.0.3112.113 Safari/537.36',
  'content-type' => 'application/x-www-form-urlencoded; charset=UTF-8',
  'referer' => 'http://www.bintp.com/admin/cate/edit/cateid/37.html',
  'accept-encoding' => 'gzip, deflate',
  'accept-language' => 'zh-CN,zh;q=0.8,en;q=0.6',
  'cookie' => 'pgv_pvi=2248419328; pgv_si=s4841513984',
)
[ info ] [ PARAM ] array (
  'model_id' => '1',
  'pid' => '0',
  'cate_name' => '1',
  'img' => '',
  'cate_attr' => '1',
  'list_tmp' => '111111111111111',
  'index_tmp' => '2',
  'article_tmp' => '3333333222',
  'link' => '111111111',
  'title' => '5',
  'keywords' => '6',
  'desc' => '7',
  'content' => '<p>8888888888888</p>',
  'id' => '37',
)
[ info ] [ RUN ] app\admin\controller\Cate->add[ /Users/yinbin/Code/bintp/application/admin/controller/Cate.php ]
[ info ] [ LOG ] INIT File
---------------------------------------------------------------
[ 2017-09-18T00:03:01+08:00 ] ::1 ::1 POST /admin/cate/add.html
[ info ] www.bintp.com/admin/cate/add.html [运行时间：0.049597s][吞吐率：20.16req/s] [内存消耗：2,131.67kb] [文件加载：44]
[ info ] [ LANG ] /Users/yinbin/Code/bintp/thinkphp/lang/zh-cn.php
[ info ] [ ROUTE ] array (
  'type' => 'module',
  'module' => 
  array (
    0 => 'admin',
    1 => 'cate',
    2 => 'add',
  ),
)
[ info ] [ HEADER ] array (
  'host' => 'www.bintp.com',
  'connection' => 'keep-alive',
  'content-length' => '200',
  'accept' => '*/*',
  'origin' => 'http://www.bintp.com',
  'x-requested-with' => 'XMLHttpRequest',
  'user-agent' => 'Mozilla/5.0 (Macintosh; Intel Mac OS X 10_12_5) AppleWebKit/537.36 (KHTML, like Gecko) Chrome/60.0.3112.113 Safari/537.36',
  'content-type' => 'application/x-www-form-urlencoded; charset=UTF-8',
  'referer' => 'http://www.bintp.com/admin/cate/edit/cateid/37.html',
  'accept-encoding' => 'gzip, deflate',
  'accept-language' => 'zh-CN,zh;q=0.8,en;q=0.6',
  'cookie' => 'pgv_pvi=2248419328; pgv_si=s4841513984',
)
[ info ] [ PARAM ] array (
  'model_id' => '1',
  'pid' => '0',
  'cate_name' => '1',
  'status' => '0',
  'img' => '',
  'cate_attr' => '1',
  'list_tmp' => '111111111111111',
  'index_tmp' => '2',
  'article_tmp' => '3333333222',
  'link' => '111111111',
  'title' => '5',
  'keywords' => '6',
  'desc' => '7',
  'content' => '<p>8888888888888</p>',
  'id' => '37',
)
[ info ] [ RUN ] app\admin\controller\Cate->add[ /Users/yinbin/Code/bintp/application/admin/controller/Cate.php ]
[ info ] [ LOG ] INIT File
---------------------------------------------------------------
[ 2017-09-18T00:07:42+08:00 ] ::1 ::1 POST /admin/cate/add.html
[ info ] www.bintp.com/admin/cate/add.html [运行时间：0.049053s][吞吐率：20.39req/s] [内存消耗：1,941.32kb] [文件加载：42]
[ info ] [ LANG ] /Users/yinbin/Code/bintp/thinkphp/lang/zh-cn.php
[ info ] [ ROUTE ] array (
  'type' => 'module',
  'module' => 
  array (
    0 => 'admin',
    1 => 'cate',
    2 => 'add',
  ),
)
[ info ] [ HEADER ] array (
  'host' => 'www.bintp.com',
  'connection' => 'keep-alive',
  'content-length' => '200',
  'accept' => '*/*',
  'origin' => 'http://www.bintp.com',
  'x-requested-with' => 'XMLHttpRequest',
  'user-agent' => 'Mozilla/5.0 (Macintosh; Intel Mac OS X 10_12_5) AppleWebKit/537.36 (KHTML, like Gecko) Chrome/60.0.3112.113 Safari/537.36',
  'content-type' => 'application/x-www-form-urlencoded; charset=UTF-8',
  'referer' => 'http://www.bintp.com/admin/cate/edit/cateid/37.html',
  'accept-encoding' => 'gzip, deflate',
  'accept-language' => 'zh-CN,zh;q=0.8,en;q=0.6',
  'cookie' => 'pgv_pvi=2248419328; pgv_si=s4841513984',
)
[ info ] [ PARAM ] array (
  'model_id' => '1',
  'pid' => '0',
  'cate_name' => '1',
  'status' => '0',
  'img' => '',
  'cate_attr' => '1',
  'list_tmp' => '111111111111111',
  'index_tmp' => '2',
  'article_tmp' => '3333333222',
  'link' => '111111111',
  'title' => '5',
  'keywords' => '6',
  'desc' => '7',
  'content' => '<p>8888888888888</p>',
  'id' => '37',
)
[ info ] [ LOG ] INIT File
[ error ] [4]语法错误: unexpected '='[/Users/yinbin/Code/bintp/application/admin/controller/Cate.php:163]
---------------------------------------------------------------
[ 2017-09-18T00:08:24+08:00 ] ::1 ::1 GET /admin/cate/edit/cateid/37.html
[ info ] www.bintp.com/admin/cate/edit/cateid/37.html [运行时间：0.047615s][吞吐率：21.00req/s] [内存消耗：1,938.66kb] [文件加载：42]
[ info ] [ LANG ] /Users/yinbin/Code/bintp/thinkphp/lang/zh-cn.php
[ info ] [ ROUTE ] array (
  'type' => 'module',
  'module' => 
  array (
    0 => 'admin',
    1 => 'cate',
    2 => 'edit',
  ),
)
[ info ] [ HEADER ] array (
  'host' => 'www.bintp.com',
  'connection' => 'keep-alive',
  'cache-control' => 'max-age=0',
  'upgrade-insecure-requests' => '1',
  'user-agent' => 'Mozilla/5.0 (Macintosh; Intel Mac OS X 10_12_5) AppleWebKit/537.36 (KHTML, like Gecko) Chrome/60.0.3112.113 Safari/537.36',
  'accept' => 'text/html,application/xhtml+xml,application/xml;q=0.9,image/webp,image/apng,*/*;q=0.8',
  'referer' => 'http://www.bintp.com/admin/cate/index.html',
  'accept-encoding' => 'gzip, deflate',
  'accept-language' => 'zh-CN,zh;q=0.8,en;q=0.6',
  'cookie' => 'pgv_pvi=2248419328; pgv_si=s4841513984',
)
[ info ] [ PARAM ] array (
  'cateid' => '37',
)
[ info ] [ LOG ] INIT File
[ error ] [4]语法错误: unexpected '='[/Users/yinbin/Code/bintp/application/admin/controller/Cate.php:162]
---------------------------------------------------------------
[ 2017-09-18T00:08:46+08:00 ] ::1 ::1 GET /admin/cate/edit/cateid/37.html
[ info ] www.bintp.com/admin/cate/edit/cateid/37.html [运行时间：0.070013s][吞吐率：14.28req/s] [内存消耗：3,328.08kb] [文件加载：56]
[ info ] [ LANG ] /Users/yinbin/Code/bintp/thinkphp/lang/zh-cn.php
[ info ] [ ROUTE ] array (
  'type' => 'module',
  'module' => 
  array (
    0 => 'admin',
    1 => 'cate',
    2 => 'edit',
  ),
)
[ info ] [ HEADER ] array (
  'host' => 'www.bintp.com',
  'connection' => 'keep-alive',
  'cache-control' => 'max-age=0',
  'upgrade-insecure-requests' => '1',
  'user-agent' => 'Mozilla/5.0 (Macintosh; Intel Mac OS X 10_12_5) AppleWebKit/537.36 (KHTML, like Gecko) Chrome/60.0.3112.113 Safari/537.36',
  'accept' => 'text/html,application/xhtml+xml,application/xml;q=0.9,image/webp,image/apng,*/*;q=0.8',
  'referer' => 'http://www.bintp.com/admin/cate/index.html',
  'accept-encoding' => 'gzip, deflate',
  'accept-language' => 'zh-CN,zh;q=0.8,en;q=0.6',
  'cookie' => 'pgv_pvi=2248419328; pgv_si=s4841513984',
)
[ info ] [ PARAM ] array (
  'cateid' => '37',
)
[ info ] [ RUN ] app\admin\controller\Cate->edit[ /Users/yinbin/Code/bintp/application/admin/controller/Cate.php ]
[ info ] [ DB ] INIT mysql
[ info ] [ VIEW ] /Users/yinbin/Code/bintp/public/../application/admin/view/cate/edit.htm [ array (
  0 => 'con',
  1 => 'cates',
) ]
[ info ] [ LOG ] INIT File
[ sql ] [ DB ] CONNECT:[ UseTime:0.000718s ] mysql:dbname=bin_cms;host=127.0.0.1;charset=utf8
[ sql ] [ SQL ] SHOW COLUMNS FROM `cms_cate` [ RunTime:0.005568s ]
[ sql ] [ SQL ] SELECT * FROM `cms_cate` WHERE  `id` = 37 LIMIT 1 [ RunTime:0.001132s ]
---------------------------------------------------------------
[ 2017-09-18T00:08:46+08:00 ] ::1 ::1 GET /static/admin/fonts/fontawesome-webfont.woff2?v=4.3.0
[ info ] www.bintp.com/static/admin/fonts/fontawesome-webfont.woff2?v=4.3.0 [运行时间：0.040614s][吞吐率：24.62req/s] [内存消耗：1,862.88kb] [文件加载：40]
[ info ] [ LANG ] /Users/yinbin/Code/bintp/thinkphp/lang/zh-cn.php
[ info ] [ ROUTE ] array (
  'type' => 'module',
  'module' => 
  array (
    0 => 'static',
    1 => 'admin',
    2 => 'fonts',
  ),
)
[ info ] [ HEADER ] array (
  'host' => 'www.bintp.com',
  'connection' => 'keep-alive',
  'origin' => 'http://www.bintp.com',
  'user-agent' => 'Mozilla/5.0 (Macintosh; Intel Mac OS X 10_12_5) AppleWebKit/537.36 (KHTML, like Gecko) Chrome/60.0.3112.113 Safari/537.36',
  'accept' => '*/*',
  'referer' => 'http://www.bintp.com/static/admin/style/font-awesome.css',
  'accept-encoding' => 'gzip, deflate',
  'accept-language' => 'zh-CN,zh;q=0.8,en;q=0.6',
  'cookie' => 'pgv_pvi=2248419328; pgv_si=s4841513984',
)
[ info ] [ PARAM ] array (
  'v' => '4.3.0',
)
[ info ] [ LOG ] INIT File
---------------------------------------------------------------
[ 2017-09-18T00:08:54+08:00 ] ::1 ::1 POST /admin/cate/add.html
[ info ] www.bintp.com/admin/cate/add.html [运行时间：0.057412s][吞吐率：17.42req/s] [内存消耗：2,290.70kb] [文件加载：50]
[ info ] [ LANG ] /Users/yinbin/Code/bintp/thinkphp/lang/zh-cn.php
[ info ] [ ROUTE ] array (
  'type' => 'module',
  'module' => 
  array (
    0 => 'admin',
    1 => 'cate',
    2 => 'add',
  ),
)
[ info ] [ HEADER ] array (
  'host' => 'www.bintp.com',
  'connection' => 'keep-alive',
  'content-length' => '191',
  'accept' => '*/*',
  'origin' => 'http://www.bintp.com',
  'x-requested-with' => 'XMLHttpRequest',
  'user-agent' => 'Mozilla/5.0 (Macintosh; Intel Mac OS X 10_12_5) AppleWebKit/537.36 (KHTML, like Gecko) Chrome/60.0.3112.113 Safari/537.36',
  'content-type' => 'application/x-www-form-urlencoded; charset=UTF-8',
  'referer' => 'http://www.bintp.com/admin/cate/edit/cateid/37.html',
  'accept-encoding' => 'gzip, deflate',
  'accept-language' => 'zh-CN,zh;q=0.8,en;q=0.6',
  'cookie' => 'pgv_pvi=2248419328; pgv_si=s4841513984',
)
[ info ] [ PARAM ] array (
  'model_id' => '1',
  'pid' => '0',
  'cate_name' => '1',
  'img' => '',
  'cate_attr' => '1',
  'list_tmp' => '111111111111111',
  'index_tmp' => '2',
  'article_tmp' => '3333333222',
  'link' => '111111111',
  'title' => '5',
  'keywords' => '6',
  'desc' => '7',
  'content' => '<p>8888888888888</p>',
  'id' => '37',
)
[ info ] [ RUN ] app\admin\controller\Cate->add[ /Users/yinbin/Code/bintp/application/admin/controller/Cate.php ]
[ info ] [ LOG ] INIT File
[ error ] [8]未定义数组索引: status[/Users/yinbin/Code/bintp/application/admin/controller/Cate.php:159]
---------------------------------------------------------------
[ 2017-09-18T00:09:42+08:00 ] ::1 ::1 POST /admin/cate/add.html
[ info ] www.bintp.com/admin/cate/add.html [运行时间：0.059336s][吞吐率：16.85req/s] [内存消耗：2,290.70kb] [文件加载：50]
[ info ] [ LANG ] /Users/yinbin/Code/bintp/thinkphp/lang/zh-cn.php
[ info ] [ ROUTE ] array (
  'type' => 'module',
  'module' => 
  array (
    0 => 'admin',
    1 => 'cate',
    2 => 'add',
  ),
)
[ info ] [ HEADER ] array (
  'host' => 'www.bintp.com',
  'connection' => 'keep-alive',
  'content-length' => '191',
  'accept' => '*/*',
  'origin' => 'http://www.bintp.com',
  'x-requested-with' => 'XMLHttpRequest',
  'user-agent' => 'Mozilla/5.0 (Macintosh; Intel Mac OS X 10_12_5) AppleWebKit/537.36 (KHTML, like Gecko) Chrome/60.0.3112.113 Safari/537.36',
  'content-type' => 'application/x-www-form-urlencoded; charset=UTF-8',
  'referer' => 'http://www.bintp.com/admin/cate/edit/cateid/37.html',
  'accept-encoding' => 'gzip, deflate',
  'accept-language' => 'zh-CN,zh;q=0.8,en;q=0.6',
  'cookie' => 'pgv_pvi=2248419328; pgv_si=s4841513984',
)
[ info ] [ PARAM ] array (
  'model_id' => '1',
  'pid' => '0',
  'cate_name' => '1',
  'img' => '',
  'cate_attr' => '1',
  'list_tmp' => '111111111111111',
  'index_tmp' => '2',
  'article_tmp' => '3333333222',
  'link' => '111111111',
  'title' => '5',
  'keywords' => '6',
  'desc' => '7',
  'content' => '<p>8888888888888</p>',
  'id' => '37',
)
[ info ] [ RUN ] app\admin\controller\Cate->add[ /Users/yinbin/Code/bintp/application/admin/controller/Cate.php ]
[ info ] [ LOG ] INIT File
[ error ] [8]未定义数组索引: status[/Users/yinbin/Code/bintp/application/admin/controller/Cate.php:159]
---------------------------------------------------------------
[ 2017-09-18T00:10:28+08:00 ] ::1 ::1 POST /admin/cate/add.html
[ info ] www.bintp.com/admin/cate/add.html [运行时间：0.050593s][吞吐率：19.77req/s] [内存消耗：2,131.89kb] [文件加载：44]
[ info ] [ LANG ] /Users/yinbin/Code/bintp/thinkphp/lang/zh-cn.php
[ info ] [ ROUTE ] array (
  'type' => 'module',
  'module' => 
  array (
    0 => 'admin',
    1 => 'cate',
    2 => 'add',
  ),
)
[ info ] [ HEADER ] array (
  'host' => 'www.bintp.com',
  'connection' => 'keep-alive',
  'content-length' => '191',
  'accept' => '*/*',
  'origin' => 'http://www.bintp.com',
  'x-requested-with' => 'XMLHttpRequest',
  'user-agent' => 'Mozilla/5.0 (Macintosh; Intel Mac OS X 10_12_5) AppleWebKit/537.36 (KHTML, like Gecko) Chrome/60.0.3112.113 Safari/537.36',
  'content-type' => 'application/x-www-form-urlencoded; charset=UTF-8',
  'referer' => 'http://www.bintp.com/admin/cate/edit/cateid/37.html',
  'accept-encoding' => 'gzip, deflate',
  'accept-language' => 'zh-CN,zh;q=0.8,en;q=0.6',
  'cookie' => 'pgv_pvi=2248419328; pgv_si=s4841513984',
)
[ info ] [ PARAM ] array (
  'model_id' => '1',
  'pid' => '0',
  'cate_name' => '1',
  'img' => '',
  'cate_attr' => '1',
  'list_tmp' => '111111111111111',
  'index_tmp' => '2',
  'article_tmp' => '3333333222',
  'link' => '111111111',
  'title' => '5',
  'keywords' => '6',
  'desc' => '7',
  'content' => '<p>8888888888888</p>',
  'id' => '37',
)
[ info ] [ RUN ] app\admin\controller\Cate->add[ /Users/yinbin/Code/bintp/application/admin/controller/Cate.php ]
[ info ] [ LOG ] INIT File
---------------------------------------------------------------
[ 2017-09-18T00:10:38+08:00 ] ::1 ::1 POST /admin/cate/add.html
[ info ] www.bintp.com/admin/cate/add.html [运行时间：0.047691s][吞吐率：20.97req/s] [内存消耗：2,132.52kb] [文件加载：44]
[ info ] [ LANG ] /Users/yinbin/Code/bintp/thinkphp/lang/zh-cn.php
[ info ] [ ROUTE ] array (
  'type' => 'module',
  'module' => 
  array (
    0 => 'admin',
    1 => 'cate',
    2 => 'add',
  ),
)
[ info ] [ HEADER ] array (
  'host' => 'www.bintp.com',
  'connection' => 'keep-alive',
  'content-length' => '200',
  'accept' => '*/*',
  'origin' => 'http://www.bintp.com',
  'x-requested-with' => 'XMLHttpRequest',
  'user-agent' => 'Mozilla/5.0 (Macintosh; Intel Mac OS X 10_12_5) AppleWebKit/537.36 (KHTML, like Gecko) Chrome/60.0.3112.113 Safari/537.36',
  'content-type' => 'application/x-www-form-urlencoded; charset=UTF-8',
  'referer' => 'http://www.bintp.com/admin/cate/edit/cateid/37.html',
  'accept-encoding' => 'gzip, deflate',
  'accept-language' => 'zh-CN,zh;q=0.8,en;q=0.6',
  'cookie' => 'pgv_pvi=2248419328; pgv_si=s4841513984',
)
[ info ] [ PARAM ] array (
  'model_id' => '1',
  'pid' => '0',
  'cate_name' => '1',
  'status' => '0',
  'img' => '',
  'cate_attr' => '1',
  'list_tmp' => '111111111111111',
  'index_tmp' => '2',
  'article_tmp' => '3333333222',
  'link' => '111111111',
  'title' => '5',
  'keywords' => '6',
  'desc' => '7',
  'content' => '<p>8888888888888</p>',
  'id' => '37',
)
[ info ] [ RUN ] app\admin\controller\Cate->add[ /Users/yinbin/Code/bintp/application/admin/controller/Cate.php ]
[ info ] [ LOG ] INIT File
---------------------------------------------------------------
[ 2017-09-18T00:11:00+08:00 ] ::1 ::1 POST /admin/cate/add.html
[ info ] www.bintp.com/admin/cate/add.html [运行时间：0.048795s][吞吐率：20.49req/s] [内存消耗：2,133.94kb] [文件加载：44]
[ info ] [ LANG ] /Users/yinbin/Code/bintp/thinkphp/lang/zh-cn.php
[ info ] [ ROUTE ] array (
  'type' => 'module',
  'module' => 
  array (
    0 => 'admin',
    1 => 'cate',
    2 => 'add',
  ),
)
[ info ] [ HEADER ] array (
  'host' => 'www.bintp.com',
  'connection' => 'keep-alive',
  'content-length' => '200',
  'accept' => '*/*',
  'origin' => 'http://www.bintp.com',
  'x-requested-with' => 'XMLHttpRequest',
  'user-agent' => 'Mozilla/5.0 (Macintosh; Intel Mac OS X 10_12_5) AppleWebKit/537.36 (KHTML, like Gecko) Chrome/60.0.3112.113 Safari/537.36',
  'content-type' => 'application/x-www-form-urlencoded; charset=UTF-8',
  'referer' => 'http://www.bintp.com/admin/cate/edit/cateid/37.html',
  'accept-encoding' => 'gzip, deflate',
  'accept-language' => 'zh-CN,zh;q=0.8,en;q=0.6',
  'cookie' => 'pgv_pvi=2248419328; pgv_si=s4841513984',
)
[ info ] [ PARAM ] array (
  'model_id' => '1',
  'pid' => '0',
  'cate_name' => '1',
  'status' => '0',
  'img' => '',
  'cate_attr' => '1',
  'list_tmp' => '111111111111111',
  'index_tmp' => '2',
  'article_tmp' => '3333333222',
  'link' => '111111111',
  'title' => '5',
  'keywords' => '6',
  'desc' => '7',
  'content' => '<p>8888888888888</p>',
  'id' => '37',
)
[ info ] [ RUN ] app\admin\controller\Cate->add[ /Users/yinbin/Code/bintp/application/admin/controller/Cate.php ]
[ info ] [ LOG ] INIT File
---------------------------------------------------------------
[ 2017-09-18T00:11:09+08:00 ] ::1 ::1 POST /admin/cate/add.html
[ info ] www.bintp.com/admin/cate/add.html [运行时间：0.044572s][吞吐率：22.44req/s] [内存消耗：2,290.70kb] [文件加载：50]
[ info ] [ LANG ] /Users/yinbin/Code/bintp/thinkphp/lang/zh-cn.php
[ info ] [ ROUTE ] array (
  'type' => 'module',
  'module' => 
  array (
    0 => 'admin',
    1 => 'cate',
    2 => 'add',
  ),
)
[ info ] [ HEADER ] array (
  'host' => 'www.bintp.com',
  'connection' => 'keep-alive',
  'content-length' => '191',
  'accept' => '*/*',
  'origin' => 'http://www.bintp.com',
  'x-requested-with' => 'XMLHttpRequest',
  'user-agent' => 'Mozilla/5.0 (Macintosh; Intel Mac OS X 10_12_5) AppleWebKit/537.36 (KHTML, like Gecko) Chrome/60.0.3112.113 Safari/537.36',
  'content-type' => 'application/x-www-form-urlencoded; charset=UTF-8',
  'referer' => 'http://www.bintp.com/admin/cate/edit/cateid/37.html',
  'accept-encoding' => 'gzip, deflate',
  'accept-language' => 'zh-CN,zh;q=0.8,en;q=0.6',
  'cookie' => 'pgv_pvi=2248419328; pgv_si=s4841513984',
)
[ info ] [ PARAM ] array (
  'model_id' => '1',
  'pid' => '0',
  'cate_name' => '1',
  'img' => '',
  'cate_attr' => '1',
  'list_tmp' => '111111111111111',
  'index_tmp' => '2',
  'article_tmp' => '3333333222',
  'link' => '111111111',
  'title' => '5',
  'keywords' => '6',
  'desc' => '7',
  'content' => '<p>8888888888888</p>',
  'id' => '37',
)
[ info ] [ RUN ] app\admin\controller\Cate->add[ /Users/yinbin/Code/bintp/application/admin/controller/Cate.php ]
[ info ] [ LOG ] INIT File
[ error ] [8]未定义数组索引: status[/Users/yinbin/Code/bintp/application/admin/controller/Cate.php:160]
---------------------------------------------------------------
[ 2017-09-18T00:13:13+08:00 ] ::1 ::1 POST /admin/cate/add.html
[ info ] www.bintp.com/admin/cate/add.html [运行时间：0.047703s][吞吐率：20.96req/s] [内存消耗：2,133.23kb] [文件加载：44]
[ info ] [ LANG ] /Users/yinbin/Code/bintp/thinkphp/lang/zh-cn.php
[ info ] [ ROUTE ] array (
  'type' => 'module',
  'module' => 
  array (
    0 => 'admin',
    1 => 'cate',
    2 => 'add',
  ),
)
[ info ] [ HEADER ] array (
  'host' => 'www.bintp.com',
  'connection' => 'keep-alive',
  'content-length' => '191',
  'accept' => '*/*',
  'origin' => 'http://www.bintp.com',
  'x-requested-with' => 'XMLHttpRequest',
  'user-agent' => 'Mozilla/5.0 (Macintosh; Intel Mac OS X 10_12_5) AppleWebKit/537.36 (KHTML, like Gecko) Chrome/60.0.3112.113 Safari/537.36',
  'content-type' => 'application/x-www-form-urlencoded; charset=UTF-8',
  'referer' => 'http://www.bintp.com/admin/cate/edit/cateid/37.html',
  'accept-encoding' => 'gzip, deflate',
  'accept-language' => 'zh-CN,zh;q=0.8,en;q=0.6',
  'cookie' => 'pgv_pvi=2248419328; pgv_si=s4841513984',
)
[ info ] [ PARAM ] array (
  'model_id' => '1',
  'pid' => '0',
  'cate_name' => '1',
  'img' => '',
  'cate_attr' => '1',
  'list_tmp' => '111111111111111',
  'index_tmp' => '2',
  'article_tmp' => '3333333222',
  'link' => '111111111',
  'title' => '5',
  'keywords' => '6',
  'desc' => '7',
  'content' => '<p>8888888888888</p>',
  'id' => '37',
)
[ info ] [ RUN ] app\admin\controller\Cate->add[ /Users/yinbin/Code/bintp/application/admin/controller/Cate.php ]
[ info ] [ LOG ] INIT File
---------------------------------------------------------------
[ 2017-09-18T00:13:43+08:00 ] ::1 ::1 POST /admin/cate/add.html
[ info ] www.bintp.com/admin/cate/add.html [运行时间：0.041856s][吞吐率：23.89req/s] [内存消耗：2,133.94kb] [文件加载：44]
[ info ] [ LANG ] /Users/yinbin/Code/bintp/thinkphp/lang/zh-cn.php
[ info ] [ ROUTE ] array (
  'type' => 'module',
  'module' => 
  array (
    0 => 'admin',
    1 => 'cate',
    2 => 'add',
  ),
)
[ info ] [ HEADER ] array (
  'host' => 'www.bintp.com',
  'connection' => 'keep-alive',
  'content-length' => '200',
  'accept' => '*/*',
  'origin' => 'http://www.bintp.com',
  'x-requested-with' => 'XMLHttpRequest',
  'user-agent' => 'Mozilla/5.0 (Macintosh; Intel Mac OS X 10_12_5) AppleWebKit/537.36 (KHTML, like Gecko) Chrome/60.0.3112.113 Safari/537.36',
  'content-type' => 'application/x-www-form-urlencoded; charset=UTF-8',
  'referer' => 'http://www.bintp.com/admin/cate/edit/cateid/37.html',
  'accept-encoding' => 'gzip, deflate',
  'accept-language' => 'zh-CN,zh;q=0.8,en;q=0.6',
  'cookie' => 'pgv_pvi=2248419328; pgv_si=s4841513984',
)
[ info ] [ PARAM ] array (
  'model_id' => '1',
  'pid' => '0',
  'cate_name' => '1',
  'status' => '0',
  'img' => '',
  'cate_attr' => '1',
  'list_tmp' => '111111111111111',
  'index_tmp' => '2',
  'article_tmp' => '3333333222',
  'link' => '111111111',
  'title' => '5',
  'keywords' => '6',
  'desc' => '7',
  'content' => '<p>8888888888888</p>',
  'id' => '37',
)
[ info ] [ RUN ] app\admin\controller\Cate->add[ /Users/yinbin/Code/bintp/application/admin/controller/Cate.php ]
[ info ] [ LOG ] INIT File
---------------------------------------------------------------
[ 2017-09-18T00:15:35+08:00 ] ::1 ::1 POST /admin/cate/add.html
[ info ] www.bintp.com/admin/cate/add.html [运行时间：0.039576s][吞吐率：25.27req/s] [内存消耗：2,134.27kb] [文件加载：44]
[ info ] [ LANG ] /Users/yinbin/Code/bintp/thinkphp/lang/zh-cn.php
[ info ] [ ROUTE ] array (
  'type' => 'module',
  'module' => 
  array (
    0 => 'admin',
    1 => 'cate',
    2 => 'add',
  ),
)
[ info ] [ HEADER ] array (
  'host' => 'www.bintp.com',
  'connection' => 'keep-alive',
  'content-length' => '200',
  'accept' => '*/*',
  'origin' => 'http://www.bintp.com',
  'x-requested-with' => 'XMLHttpRequest',
  'user-agent' => 'Mozilla/5.0 (Macintosh; Intel Mac OS X 10_12_5) AppleWebKit/537.36 (KHTML, like Gecko) Chrome/60.0.3112.113 Safari/537.36',
  'content-type' => 'application/x-www-form-urlencoded; charset=UTF-8',
  'referer' => 'http://www.bintp.com/admin/cate/edit/cateid/37.html',
  'accept-encoding' => 'gzip, deflate',
  'accept-language' => 'zh-CN,zh;q=0.8,en;q=0.6',
  'cookie' => 'pgv_pvi=2248419328; pgv_si=s4841513984',
)
[ info ] [ PARAM ] array (
  'model_id' => '1',
  'pid' => '0',
  'cate_name' => '1',
  'status' => '0',
  'img' => '',
  'cate_attr' => '1',
  'list_tmp' => '111111111111111',
  'index_tmp' => '2',
  'article_tmp' => '3333333222',
  'link' => '111111111',
  'title' => '5',
  'keywords' => '6',
  'desc' => '7',
  'content' => '<p>8888888888888</p>',
  'id' => '37',
)
[ info ] [ RUN ] app\admin\controller\Cate->add[ /Users/yinbin/Code/bintp/application/admin/controller/Cate.php ]
[ info ] [ LOG ] INIT File
---------------------------------------------------------------
[ 2017-09-18T00:15:44+08:00 ] ::1 ::1 POST /admin/cate/add.html
[ info ] www.bintp.com/admin/cate/add.html [运行时间：0.047103s][吞吐率：21.23req/s] [内存消耗：2,133.73kb] [文件加载：44]
[ info ] [ LANG ] /Users/yinbin/Code/bintp/thinkphp/lang/zh-cn.php
[ info ] [ ROUTE ] array (
  'type' => 'module',
  'module' => 
  array (
    0 => 'admin',
    1 => 'cate',
    2 => 'add',
  ),
)
[ info ] [ HEADER ] array (
  'host' => 'www.bintp.com',
  'connection' => 'keep-alive',
  'content-length' => '191',
  'accept' => '*/*',
  'origin' => 'http://www.bintp.com',
  'x-requested-with' => 'XMLHttpRequest',
  'user-agent' => 'Mozilla/5.0 (Macintosh; Intel Mac OS X 10_12_5) AppleWebKit/537.36 (KHTML, like Gecko) Chrome/60.0.3112.113 Safari/537.36',
  'content-type' => 'application/x-www-form-urlencoded; charset=UTF-8',
  'referer' => 'http://www.bintp.com/admin/cate/edit/cateid/37.html',
  'accept-encoding' => 'gzip, deflate',
  'accept-language' => 'zh-CN,zh;q=0.8,en;q=0.6',
  'cookie' => 'pgv_pvi=2248419328; pgv_si=s4841513984',
)
[ info ] [ PARAM ] array (
  'model_id' => '1',
  'pid' => '0',
  'cate_name' => '1',
  'img' => '',
  'cate_attr' => '1',
  'list_tmp' => '111111111111111',
  'index_tmp' => '2',
  'article_tmp' => '3333333222',
  'link' => '111111111',
  'title' => '5',
  'keywords' => '6',
  'desc' => '7',
  'content' => '<p>8888888888888</p>',
  'id' => '37',
)
[ info ] [ RUN ] app\admin\controller\Cate->add[ /Users/yinbin/Code/bintp/application/admin/controller/Cate.php ]
[ info ] [ LOG ] INIT File
---------------------------------------------------------------
[ 2017-09-18T00:15:51+08:00 ] ::1 ::1 POST /admin/cate/add.html
[ info ] www.bintp.com/admin/cate/add.html [运行时间：0.047962s][吞吐率：20.85req/s] [内存消耗：2,133.73kb] [文件加载：44]
[ info ] [ LANG ] /Users/yinbin/Code/bintp/thinkphp/lang/zh-cn.php
[ info ] [ ROUTE ] array (
  'type' => 'module',
  'module' => 
  array (
    0 => 'admin',
    1 => 'cate',
    2 => 'add',
  ),
)
[ info ] [ HEADER ] array (
  'host' => 'www.bintp.com',
  'connection' => 'keep-alive',
  'content-length' => '191',
  'accept' => '*/*',
  'origin' => 'http://www.bintp.com',
  'x-requested-with' => 'XMLHttpRequest',
  'user-agent' => 'Mozilla/5.0 (Macintosh; Intel Mac OS X 10_12_5) AppleWebKit/537.36 (KHTML, like Gecko) Chrome/60.0.3112.113 Safari/537.36',
  'content-type' => 'application/x-www-form-urlencoded; charset=UTF-8',
  'referer' => 'http://www.bintp.com/admin/cate/edit/cateid/37.html',
  'accept-encoding' => 'gzip, deflate',
  'accept-language' => 'zh-CN,zh;q=0.8,en;q=0.6',
  'cookie' => 'pgv_pvi=2248419328; pgv_si=s4841513984',
)
[ info ] [ PARAM ] array (
  'model_id' => '1',
  'pid' => '0',
  'cate_name' => '1',
  'img' => '',
  'cate_attr' => '1',
  'list_tmp' => '111111111111111',
  'index_tmp' => '2',
  'article_tmp' => '3333333222',
  'link' => '111111111',
  'title' => '5',
  'keywords' => '6',
  'desc' => '7',
  'content' => '<p>8888888888888</p>',
  'id' => '37',
)
[ info ] [ RUN ] app\admin\controller\Cate->add[ /Users/yinbin/Code/bintp/application/admin/controller/Cate.php ]
[ info ] [ LOG ] INIT File
---------------------------------------------------------------
[ 2017-09-18T00:15:57+08:00 ] ::1 ::1 POST /admin/cate/add.html
[ info ] www.bintp.com/admin/cate/add.html [运行时间：0.044848s][吞吐率：22.30req/s] [内存消耗：2,134.36kb] [文件加载：44]
[ info ] [ LANG ] /Users/yinbin/Code/bintp/thinkphp/lang/zh-cn.php
[ info ] [ ROUTE ] array (
  'type' => 'module',
  'module' => 
  array (
    0 => 'admin',
    1 => 'cate',
    2 => 'add',
  ),
)
[ info ] [ HEADER ] array (
  'host' => 'www.bintp.com',
  'connection' => 'keep-alive',
  'content-length' => '200',
  'accept' => '*/*',
  'origin' => 'http://www.bintp.com',
  'x-requested-with' => 'XMLHttpRequest',
  'user-agent' => 'Mozilla/5.0 (Macintosh; Intel Mac OS X 10_12_5) AppleWebKit/537.36 (KHTML, like Gecko) Chrome/60.0.3112.113 Safari/537.36',
  'content-type' => 'application/x-www-form-urlencoded; charset=UTF-8',
  'referer' => 'http://www.bintp.com/admin/cate/edit/cateid/37.html',
  'accept-encoding' => 'gzip, deflate',
  'accept-language' => 'zh-CN,zh;q=0.8,en;q=0.6',
  'cookie' => 'pgv_pvi=2248419328; pgv_si=s4841513984',
)
[ info ] [ PARAM ] array (
  'model_id' => '1',
  'pid' => '0',
  'cate_name' => '1',
  'status' => '0',
  'img' => '',
  'cate_attr' => '1',
  'list_tmp' => '111111111111111',
  'index_tmp' => '2',
  'article_tmp' => '3333333222',
  'link' => '111111111',
  'title' => '5',
  'keywords' => '6',
  'desc' => '7',
  'content' => '<p>8888888888888</p>',
  'id' => '37',
)
[ info ] [ RUN ] app\admin\controller\Cate->add[ /Users/yinbin/Code/bintp/application/admin/controller/Cate.php ]
[ info ] [ LOG ] INIT File
---------------------------------------------------------------
[ 2017-09-18T00:16:21+08:00 ] ::1 ::1 POST /admin/cate/add.html
[ info ] www.bintp.com/admin/cate/add.html [运行时间：0.047323s][吞吐率：21.13req/s] [内存消耗：2,134.77kb] [文件加载：44]
[ info ] [ LANG ] /Users/yinbin/Code/bintp/thinkphp/lang/zh-cn.php
[ info ] [ ROUTE ] array (
  'type' => 'module',
  'module' => 
  array (
    0 => 'admin',
    1 => 'cate',
    2 => 'add',
  ),
)
[ info ] [ HEADER ] array (
  'host' => 'www.bintp.com',
  'connection' => 'keep-alive',
  'content-length' => '200',
  'accept' => '*/*',
  'origin' => 'http://www.bintp.com',
  'x-requested-with' => 'XMLHttpRequest',
  'user-agent' => 'Mozilla/5.0 (Macintosh; Intel Mac OS X 10_12_5) AppleWebKit/537.36 (KHTML, like Gecko) Chrome/60.0.3112.113 Safari/537.36',
  'content-type' => 'application/x-www-form-urlencoded; charset=UTF-8',
  'referer' => 'http://www.bintp.com/admin/cate/edit/cateid/37.html',
  'accept-encoding' => 'gzip, deflate',
  'accept-language' => 'zh-CN,zh;q=0.8,en;q=0.6',
  'cookie' => 'pgv_pvi=2248419328; pgv_si=s4841513984',
)
[ info ] [ PARAM ] array (
  'model_id' => '1',
  'pid' => '0',
  'cate_name' => '1',
  'status' => '0',
  'img' => '',
  'cate_attr' => '1',
  'list_tmp' => '111111111111111',
  'index_tmp' => '2',
  'article_tmp' => '3333333222',
  'link' => '111111111',
  'title' => '5',
  'keywords' => '6',
  'desc' => '7',
  'content' => '<p>8888888888888</p>',
  'id' => '37',
)
[ info ] [ RUN ] app\admin\controller\Cate->add[ /Users/yinbin/Code/bintp/application/admin/controller/Cate.php ]
[ info ] [ LOG ] INIT File
---------------------------------------------------------------
[ 2017-09-18T00:16:36+08:00 ] ::1 ::1 POST /admin/cate/add.html
[ info ] www.bintp.com/admin/cate/add.html [运行时间：0.048045s][吞吐率：20.81req/s] [内存消耗：2,134.59kb] [文件加载：44]
[ info ] [ LANG ] /Users/yinbin/Code/bintp/thinkphp/lang/zh-cn.php
[ info ] [ ROUTE ] array (
  'type' => 'module',
  'module' => 
  array (
    0 => 'admin',
    1 => 'cate',
    2 => 'add',
  ),
)
[ info ] [ HEADER ] array (
  'host' => 'www.bintp.com',
  'connection' => 'keep-alive',
  'content-length' => '200',
  'accept' => '*/*',
  'origin' => 'http://www.bintp.com',
  'x-requested-with' => 'XMLHttpRequest',
  'user-agent' => 'Mozilla/5.0 (Macintosh; Intel Mac OS X 10_12_5) AppleWebKit/537.36 (KHTML, like Gecko) Chrome/60.0.3112.113 Safari/537.36',
  'content-type' => 'application/x-www-form-urlencoded; charset=UTF-8',
  'referer' => 'http://www.bintp.com/admin/cate/edit/cateid/37.html',
  'accept-encoding' => 'gzip, deflate',
  'accept-language' => 'zh-CN,zh;q=0.8,en;q=0.6',
  'cookie' => 'pgv_pvi=2248419328; pgv_si=s4841513984',
)
[ info ] [ PARAM ] array (
  'model_id' => '1',
  'pid' => '0',
  'cate_name' => '1',
  'status' => '0',
  'img' => '',
  'cate_attr' => '1',
  'list_tmp' => '111111111111111',
  'index_tmp' => '2',
  'article_tmp' => '3333333222',
  'link' => '111111111',
  'title' => '5',
  'keywords' => '6',
  'desc' => '7',
  'content' => '<p>8888888888888</p>',
  'id' => '37',
)
[ info ] [ RUN ] app\admin\controller\Cate->add[ /Users/yinbin/Code/bintp/application/admin/controller/Cate.php ]
[ info ] [ LOG ] INIT File
---------------------------------------------------------------
[ 2017-09-18T00:17:04+08:00 ] ::1 ::1 POST /admin/cate/add.html
[ info ] www.bintp.com/admin/cate/add.html [运行时间：0.049277s][吞吐率：20.29req/s] [内存消耗：2,136.82kb] [文件加载：44]
[ info ] [ LANG ] /Users/yinbin/Code/bintp/thinkphp/lang/zh-cn.php
[ info ] [ ROUTE ] array (
  'type' => 'module',
  'module' => 
  array (
    0 => 'admin',
    1 => 'cate',
    2 => 'add',
  ),
)
[ info ] [ HEADER ] array (
  'host' => 'www.bintp.com',
  'connection' => 'keep-alive',
  'content-length' => '200',
  'accept' => '*/*',
  'origin' => 'http://www.bintp.com',
  'x-requested-with' => 'XMLHttpRequest',
  'user-agent' => 'Mozilla/5.0 (Macintosh; Intel Mac OS X 10_12_5) AppleWebKit/537.36 (KHTML, like Gecko) Chrome/60.0.3112.113 Safari/537.36',
  'content-type' => 'application/x-www-form-urlencoded; charset=UTF-8',
  'referer' => 'http://www.bintp.com/admin/cate/edit/cateid/37.html',
  'accept-encoding' => 'gzip, deflate',
  'accept-language' => 'zh-CN,zh;q=0.8,en;q=0.6',
  'cookie' => 'pgv_pvi=2248419328; pgv_si=s4841513984',
)
[ info ] [ PARAM ] array (
  'model_id' => '1',
  'pid' => '0',
  'cate_name' => '1',
  'status' => '0',
  'img' => '',
  'cate_attr' => '1',
  'list_tmp' => '111111111111111',
  'index_tmp' => '2',
  'article_tmp' => '3333333222',
  'link' => '111111111',
  'title' => '5',
  'keywords' => '6',
  'desc' => '7',
  'content' => '<p>8888888888888</p>',
  'id' => '37',
)
[ info ] [ RUN ] app\admin\controller\Cate->add[ /Users/yinbin/Code/bintp/application/admin/controller/Cate.php ]
[ info ] [ LOG ] INIT File
---------------------------------------------------------------
[ 2017-09-18T00:17:26+08:00 ] ::1 ::1 POST /admin/cate/add.html
[ info ] www.bintp.com/admin/cate/add.html [运行时间：0.057416s][吞吐率：17.42req/s] [内存消耗：2,136.78kb] [文件加载：44]
[ info ] [ LANG ] /Users/yinbin/Code/bintp/thinkphp/lang/zh-cn.php
[ info ] [ ROUTE ] array (
  'type' => 'module',
  'module' => 
  array (
    0 => 'admin',
    1 => 'cate',
    2 => 'add',
  ),
)
[ info ] [ HEADER ] array (
  'host' => 'www.bintp.com',
  'connection' => 'keep-alive',
  'content-length' => '200',
  'accept' => '*/*',
  'origin' => 'http://www.bintp.com',
  'x-requested-with' => 'XMLHttpRequest',
  'user-agent' => 'Mozilla/5.0 (Macintosh; Intel Mac OS X 10_12_5) AppleWebKit/537.36 (KHTML, like Gecko) Chrome/60.0.3112.113 Safari/537.36',
  'content-type' => 'application/x-www-form-urlencoded; charset=UTF-8',
  'referer' => 'http://www.bintp.com/admin/cate/edit/cateid/37.html',
  'accept-encoding' => 'gzip, deflate',
  'accept-language' => 'zh-CN,zh;q=0.8,en;q=0.6',
  'cookie' => 'pgv_pvi=2248419328; pgv_si=s4841513984',
)
[ info ] [ PARAM ] array (
  'model_id' => '1',
  'pid' => '0',
  'cate_name' => '1',
  'status' => '0',
  'img' => '',
  'cate_attr' => '1',
  'list_tmp' => '111111111111111',
  'index_tmp' => '2',
  'article_tmp' => '3333333222',
  'link' => '111111111',
  'title' => '5',
  'keywords' => '6',
  'desc' => '7',
  'content' => '<p>8888888888888</p>',
  'id' => '37',
)
[ info ] [ RUN ] app\admin\controller\Cate->add[ /Users/yinbin/Code/bintp/application/admin/controller/Cate.php ]
[ info ] [ LOG ] INIT File
---------------------------------------------------------------
[ 2017-09-18T00:17:45+08:00 ] ::1 ::1 POST /admin/cate/add.html
[ info ] www.bintp.com/admin/cate/add.html [运行时间：0.044282s][吞吐率：22.58req/s] [内存消耗：2,135.05kb] [文件加载：44]
[ info ] [ LANG ] /Users/yinbin/Code/bintp/thinkphp/lang/zh-cn.php
[ info ] [ ROUTE ] array (
  'type' => 'module',
  'module' => 
  array (
    0 => 'admin',
    1 => 'cate',
    2 => 'add',
  ),
)
[ info ] [ HEADER ] array (
  'host' => 'www.bintp.com',
  'connection' => 'keep-alive',
  'content-length' => '200',
  'accept' => '*/*',
  'origin' => 'http://www.bintp.com',
  'x-requested-with' => 'XMLHttpRequest',
  'user-agent' => 'Mozilla/5.0 (Macintosh; Intel Mac OS X 10_12_5) AppleWebKit/537.36 (KHTML, like Gecko) Chrome/60.0.3112.113 Safari/537.36',
  'content-type' => 'application/x-www-form-urlencoded; charset=UTF-8',
  'referer' => 'http://www.bintp.com/admin/cate/edit/cateid/37.html',
  'accept-encoding' => 'gzip, deflate',
  'accept-language' => 'zh-CN,zh;q=0.8,en;q=0.6',
  'cookie' => 'pgv_pvi=2248419328; pgv_si=s4841513984',
)
[ info ] [ PARAM ] array (
  'model_id' => '1',
  'pid' => '0',
  'cate_name' => '1',
  'status' => '0',
  'img' => '',
  'cate_attr' => '1',
  'list_tmp' => '111111111111111',
  'index_tmp' => '2',
  'article_tmp' => '3333333222',
  'link' => '111111111',
  'title' => '5',
  'keywords' => '6',
  'desc' => '7',
  'content' => '<p>8888888888888</p>',
  'id' => '37',
)
[ info ] [ RUN ] app\admin\controller\Cate->add[ /Users/yinbin/Code/bintp/application/admin/controller/Cate.php ]
[ info ] [ LOG ] INIT File
---------------------------------------------------------------
[ 2017-09-18T00:23:13+08:00 ] ::1 ::1 GET /admin/cate/edit/cateid/37.html
[ info ] www.bintp.com/admin/cate/edit/cateid/37.html [运行时间：0.063847s][吞吐率：15.66req/s] [内存消耗：1,938.59kb] [文件加载：42]
[ info ] [ LANG ] /Users/yinbin/Code/bintp/thinkphp/lang/zh-cn.php
[ info ] [ ROUTE ] array (
  'type' => 'module',
  'module' => 
  array (
    0 => 'admin',
    1 => 'cate',
    2 => 'edit',
  ),
)
[ info ] [ HEADER ] array (
  'host' => 'www.bintp.com',
  'connection' => 'keep-alive',
  'cache-control' => 'max-age=0',
  'upgrade-insecure-requests' => '1',
  'user-agent' => 'Mozilla/5.0 (Macintosh; Intel Mac OS X 10_12_5) AppleWebKit/537.36 (KHTML, like Gecko) Chrome/60.0.3112.113 Safari/537.36',
  'accept' => 'text/html,application/xhtml+xml,application/xml;q=0.9,image/webp,image/apng,*/*;q=0.8',
  'referer' => 'http://www.bintp.com/admin/cate/index.html',
  'accept-encoding' => 'gzip, deflate',
  'accept-language' => 'zh-CN,zh;q=0.8,en;q=0.6',
  'cookie' => 'pgv_pvi=2248419328; pgv_si=s4841513984',
)
[ info ] [ PARAM ] array (
  'cateid' => '37',
)
[ info ] [ LOG ] INIT File
[ error ] [4]语法错误: unexpected '}'[/Users/yinbin/Code/bintp/application/admin/controller/Cate.php:165]
---------------------------------------------------------------
[ 2017-09-18T00:23:19+08:00 ] ::1 ::1 GET /admin/cate/edit/cateid/37.html
[ info ] www.bintp.com/admin/cate/edit/cateid/37.html [运行时间：0.076717s][吞吐率：13.03req/s] [内存消耗：3,329.02kb] [文件加载：56]
[ info ] [ LANG ] /Users/yinbin/Code/bintp/thinkphp/lang/zh-cn.php
[ info ] [ ROUTE ] array (
  'type' => 'module',
  'module' => 
  array (
    0 => 'admin',
    1 => 'cate',
    2 => 'edit',
  ),
)
[ info ] [ HEADER ] array (
  'host' => 'www.bintp.com',
  'connection' => 'keep-alive',
  'cache-control' => 'max-age=0',
  'upgrade-insecure-requests' => '1',
  'user-agent' => 'Mozilla/5.0 (Macintosh; Intel Mac OS X 10_12_5) AppleWebKit/537.36 (KHTML, like Gecko) Chrome/60.0.3112.113 Safari/537.36',
  'accept' => 'text/html,application/xhtml+xml,application/xml;q=0.9,image/webp,image/apng,*/*;q=0.8',
  'referer' => 'http://www.bintp.com/admin/cate/index.html',
  'accept-encoding' => 'gzip, deflate',
  'accept-language' => 'zh-CN,zh;q=0.8,en;q=0.6',
  'cookie' => 'pgv_pvi=2248419328; pgv_si=s4841513984',
)
[ info ] [ PARAM ] array (
  'cateid' => '37',
)
[ info ] [ RUN ] app\admin\controller\Cate->edit[ /Users/yinbin/Code/bintp/application/admin/controller/Cate.php ]
[ info ] [ DB ] INIT mysql
[ info ] [ VIEW ] /Users/yinbin/Code/bintp/public/../application/admin/view/cate/edit.htm [ array (
  0 => 'con',
  1 => 'cates',
) ]
[ info ] [ LOG ] INIT File
[ sql ] [ DB ] CONNECT:[ UseTime:0.000778s ] mysql:dbname=bin_cms;host=127.0.0.1;charset=utf8
[ sql ] [ SQL ] SHOW COLUMNS FROM `cms_cate` [ RunTime:0.005549s ]
[ sql ] [ SQL ] SELECT * FROM `cms_cate` WHERE  `id` = 37 LIMIT 1 [ RunTime:0.000879s ]
---------------------------------------------------------------
[ 2017-09-18T00:23:20+08:00 ] ::1 ::1 GET /static/admin/fonts/fontawesome-webfont.woff2?v=4.3.0
[ info ] www.bintp.com/static/admin/fonts/fontawesome-webfont.woff2?v=4.3.0 [运行时间：0.042998s][吞吐率：23.26req/s] [内存消耗：1,862.88kb] [文件加载：40]
[ info ] [ LANG ] /Users/yinbin/Code/bintp/thinkphp/lang/zh-cn.php
[ info ] [ ROUTE ] array (
  'type' => 'module',
  'module' => 
  array (
    0 => 'static',
    1 => 'admin',
    2 => 'fonts',
  ),
)
[ info ] [ HEADER ] array (
  'host' => 'www.bintp.com',
  'connection' => 'keep-alive',
  'origin' => 'http://www.bintp.com',
  'user-agent' => 'Mozilla/5.0 (Macintosh; Intel Mac OS X 10_12_5) AppleWebKit/537.36 (KHTML, like Gecko) Chrome/60.0.3112.113 Safari/537.36',
  'accept' => '*/*',
  'referer' => 'http://www.bintp.com/static/admin/style/font-awesome.css',
  'accept-encoding' => 'gzip, deflate',
  'accept-language' => 'zh-CN,zh;q=0.8,en;q=0.6',
  'cookie' => 'pgv_pvi=2248419328; pgv_si=s4841513984',
)
[ info ] [ PARAM ] array (
  'v' => '4.3.0',
)
[ info ] [ LOG ] INIT File
---------------------------------------------------------------
[ 2017-09-18T00:23:30+08:00 ] ::1 ::1 POST /admin/cate/add.html
[ info ] www.bintp.com/admin/cate/add.html [运行时间：0.047815s][吞吐率：20.91req/s] [内存消耗：2,135.97kb] [文件加载：44]
[ info ] [ LANG ] /Users/yinbin/Code/bintp/thinkphp/lang/zh-cn.php
[ info ] [ ROUTE ] array (
  'type' => 'module',
  'module' => 
  array (
    0 => 'admin',
    1 => 'cate',
    2 => 'add',
  ),
)
[ info ] [ HEADER ] array (
  'host' => 'www.bintp.com',
  'connection' => 'keep-alive',
  'content-length' => '200',
  'accept' => '*/*',
  'origin' => 'http://www.bintp.com',
  'x-requested-with' => 'XMLHttpRequest',
  'user-agent' => 'Mozilla/5.0 (Macintosh; Intel Mac OS X 10_12_5) AppleWebKit/537.36 (KHTML, like Gecko) Chrome/60.0.3112.113 Safari/537.36',
  'content-type' => 'application/x-www-form-urlencoded; charset=UTF-8',
  'referer' => 'http://www.bintp.com/admin/cate/edit/cateid/37.html',
  'accept-encoding' => 'gzip, deflate',
  'accept-language' => 'zh-CN,zh;q=0.8,en;q=0.6',
  'cookie' => 'pgv_pvi=2248419328; pgv_si=s4841513984',
)
[ info ] [ PARAM ] array (
  'model_id' => '1',
  'pid' => '0',
  'cate_name' => '1',
  'status' => '0',
  'img' => '',
  'cate_attr' => '1',
  'list_tmp' => '111111111111111',
  'index_tmp' => '2',
  'article_tmp' => '3333333222',
  'link' => '111111111',
  'title' => '5',
  'keywords' => '6',
  'desc' => '7',
  'content' => '<p>8888888888888</p>',
  'id' => '37',
)
[ info ] [ RUN ] app\admin\controller\Cate->add[ /Users/yinbin/Code/bintp/application/admin/controller/Cate.php ]
[ info ] [ LOG ] INIT File
---------------------------------------------------------------
[ 2017-09-18T00:23:36+08:00 ] ::1 ::1 POST /admin/cate/add.html
[ info ] www.bintp.com/admin/cate/add.html [运行时间：0.048671s][吞吐率：20.55req/s] [内存消耗：2,136.91kb] [文件加载：44]
[ info ] [ LANG ] /Users/yinbin/Code/bintp/thinkphp/lang/zh-cn.php
[ info ] [ ROUTE ] array (
  'type' => 'module',
  'module' => 
  array (
    0 => 'admin',
    1 => 'cate',
    2 => 'add',
  ),
)
[ info ] [ HEADER ] array (
  'host' => 'www.bintp.com',
  'connection' => 'keep-alive',
  'content-length' => '191',
  'accept' => '*/*',
  'origin' => 'http://www.bintp.com',
  'x-requested-with' => 'XMLHttpRequest',
  'user-agent' => 'Mozilla/5.0 (Macintosh; Intel Mac OS X 10_12_5) AppleWebKit/537.36 (KHTML, like Gecko) Chrome/60.0.3112.113 Safari/537.36',
  'content-type' => 'application/x-www-form-urlencoded; charset=UTF-8',
  'referer' => 'http://www.bintp.com/admin/cate/edit/cateid/37.html',
  'accept-encoding' => 'gzip, deflate',
  'accept-language' => 'zh-CN,zh;q=0.8,en;q=0.6',
  'cookie' => 'pgv_pvi=2248419328; pgv_si=s4841513984',
)
[ info ] [ PARAM ] array (
  'model_id' => '1',
  'pid' => '0',
  'cate_name' => '1',
  'img' => '',
  'cate_attr' => '1',
  'list_tmp' => '111111111111111',
  'index_tmp' => '2',
  'article_tmp' => '3333333222',
  'link' => '111111111',
  'title' => '5',
  'keywords' => '6',
  'desc' => '7',
  'content' => '<p>8888888888888</p>',
  'id' => '37',
)
[ info ] [ RUN ] app\admin\controller\Cate->add[ /Users/yinbin/Code/bintp/application/admin/controller/Cate.php ]
[ info ] [ LOG ] INIT File
