---------------------------------------------------------------
[ 2017-10-06T16:33:36+08:00 ] ::1 ::1 GET /admin/conf/lst.html
[ info ] www.bintp.com/admin/conf/lst.html [运行时间：0.256445s][吞吐率：3.90req/s] [内存消耗：3,460.35kb] [文件加载：59]
[ info ] [ LANG ] /Users/yinbin/Code/bintp/thinkphp/lang/zh-cn.php
[ info ] [ ROUTE ] array (
  'type' => 'module',
  'module' => 
  array (
    0 => 'admin',
    1 => 'conf',
    2 => 'lst',
  ),
)
[ info ] [ HEADER ] array (
  'host' => 'www.bintp.com',
  'connection' => 'keep-alive',
  'cache-control' => 'max-age=0',
  'user-agent' => 'Mozilla/5.0 (Macintosh; Intel Mac OS X 10_12_5) AppleWebKit/537.36 (KHTML, like Gecko) Chrome/61.0.3163.100 Safari/537.36',
  'upgrade-insecure-requests' => '1',
  'accept' => 'text/html,application/xhtml+xml,application/xml;q=0.9,image/webp,image/apng,*/*;q=0.8',
  'accept-encoding' => 'gzip, deflate',
  'accept-language' => 'zh-CN,zh;q=0.8,en;q=0.6',
  'cookie' => 'pgv_pvi=2248419328',
)
[ info ] [ PARAM ] array (
)
[ info ] [ RUN ] app\admin\controller\Conf->lst[ /Users/yinbin/Code/bintp/application/admin/controller/Conf.php ]
[ info ] [ DB ] INIT mysql
[ info ] [ VIEW ] /Users/yinbin/Code/bintp/public/../application/admin/view/conf/lst.htm [ array (
  0 => 'con',
  1 => 'confRes',
) ]
[ info ] [ LOG ] INIT File
[ sql ] [ DB ] CONNECT:[ UseTime:0.004900s ] mysql:dbname=bin_cms;host=127.0.0.1;charset=utf8
[ sql ] [ SQL ] SHOW COLUMNS FROM `cms_conf` [ RunTime:0.032271s ]
[ sql ] [ SQL ] SELECT COUNT(*) AS tp_count FROM `cms_conf` LIMIT 1 [ RunTime:0.004102s ]
[ sql ] [ SQL ] SELECT `id`,`cnname`,`enname`,`value`,`values` FROM `cms_conf` LIMIT 0,6 [ RunTime:0.001077s ]
---------------------------------------------------------------
[ 2017-10-06T16:33:36+08:00 ] ::1 ::1 GET /static/admin/fonts/fontawesome-webfont.woff2?v=4.3.0
[ info ] www.bintp.com/static/admin/fonts/fontawesome-webfont.woff2?v=4.3.0 [运行时间：0.109532s][吞吐率：9.13req/s] [内存消耗：1,862.28kb] [文件加载：40]
[ info ] [ LANG ] /Users/yinbin/Code/bintp/thinkphp/lang/zh-cn.php
[ info ] [ ROUTE ] array (
  'type' => 'module',
  'module' => 
  array (
    0 => 'static',
    1 => 'admin',
    2 => 'fonts',
  ),
)
[ info ] [ HEADER ] array (
  'host' => 'www.bintp.com',
  'connection' => 'keep-alive',
  'origin' => 'http://www.bintp.com',
  'user-agent' => 'Mozilla/5.0 (Macintosh; Intel Mac OS X 10_12_5) AppleWebKit/537.36 (KHTML, like Gecko) Chrome/61.0.3163.100 Safari/537.36',
  'accept' => '*/*',
  'referer' => 'http://www.bintp.com/static/admin/style/font-awesome.css',
  'accept-encoding' => 'gzip, deflate',
  'accept-language' => 'zh-CN,zh;q=0.8,en;q=0.6',
  'cookie' => 'pgv_pvi=2248419328',
)
[ info ] [ PARAM ] array (
  'v' => '4.3.0',
)
[ info ] [ LOG ] INIT File
---------------------------------------------------------------
[ 2017-10-06T16:34:02+08:00 ] ::1 ::1 GET /admin/
[ info ] www.bintp.com/admin/ [运行时间：0.051181s][吞吐率：19.54req/s] [内存消耗：2,287.37kb] [文件加载：49]
[ info ] [ LANG ] /Users/yinbin/Code/bintp/thinkphp/lang/zh-cn.php
[ info ] [ ROUTE ] array (
  'type' => 'module',
  'module' => 
  array (
    0 => 'admin',
    1 => NULL,
    2 => NULL,
  ),
)
[ info ] [ HEADER ] array (
  'host' => 'www.bintp.com',
  'connection' => 'keep-alive',
  'user-agent' => 'Mozilla/5.0 (Macintosh; Intel Mac OS X 10_12_5) AppleWebKit/537.36 (KHTML, like Gecko) Chrome/61.0.3163.100 Safari/537.36',
  'upgrade-insecure-requests' => '1',
  'accept' => 'text/html,application/xhtml+xml,application/xml;q=0.9,image/webp,image/apng,*/*;q=0.8',
  'accept-encoding' => 'gzip, deflate',
  'accept-language' => 'zh-CN,zh;q=0.8,en;q=0.6',
  'cookie' => 'pgv_pvi=2248419328',
)
[ info ] [ PARAM ] array (
)
[ info ] [ RUN ] app\admin\controller\Index->index[ /Users/yinbin/Code/bintp/application/admin/controller/Index.php ]
[ info ] [ VIEW ] /Users/yinbin/Code/bintp/public/../application/admin/view/index/index.htm [ array (
  0 => 'con',
) ]
[ info ] [ LOG ] INIT File
---------------------------------------------------------------
[ 2017-10-06T16:34:02+08:00 ] ::1 ::1 GET /static/admin/fonts/fontawesome-webfont.woff2?v=4.3.0
[ info ] www.bintp.com/static/admin/fonts/fontawesome-webfont.woff2?v=4.3.0 [运行时间：0.060076s][吞吐率：16.65req/s] [内存消耗：1,861.99kb] [文件加载：40]
[ info ] [ LANG ] /Users/yinbin/Code/bintp/thinkphp/lang/zh-cn.php
[ info ] [ ROUTE ] array (
  'type' => 'module',
  'module' => 
  array (
    0 => 'static',
    1 => 'admin',
    2 => 'fonts',
  ),
)
[ info ] [ HEADER ] array (
  'host' => 'www.bintp.com',
  'connection' => 'keep-alive',
  'origin' => 'http://www.bintp.com',
  'user-agent' => 'Mozilla/5.0 (Macintosh; Intel Mac OS X 10_12_5) AppleWebKit/537.36 (KHTML, like Gecko) Chrome/61.0.3163.100 Safari/537.36',
  'accept' => '*/*',
  'referer' => 'http://www.bintp.com/static/admin/style/font-awesome.css',
  'accept-encoding' => 'gzip, deflate',
  'accept-language' => 'zh-CN,zh;q=0.8,en;q=0.6',
  'cookie' => 'pgv_pvi=2248419328',
)
[ info ] [ PARAM ] array (
  'v' => '4.3.0',
)
[ info ] [ LOG ] INIT File
---------------------------------------------------------------
[ 2017-10-06T16:34:12+08:00 ] ::1 ::1 GET /static/admin/fonts/fontawesome-webfont.woff2?v=4.3.0
[ info ] www.bintp.com/static/admin/fonts/fontawesome-webfont.woff2?v=4.3.0 [运行时间：0.045609s][吞吐率：21.93req/s] [内存消耗：1,862.28kb] [文件加载：40]
[ info ] [ LANG ] /Users/yinbin/Code/bintp/thinkphp/lang/zh-cn.php
[ info ] [ ROUTE ] array (
  'type' => 'module',
  'module' => 
  array (
    0 => 'static',
    1 => 'admin',
    2 => 'fonts',
  ),
)
[ info ] [ HEADER ] array (
  'host' => 'www.bintp.com',
  'connection' => 'keep-alive',
  'origin' => 'http://www.bintp.com',
  'user-agent' => 'Mozilla/5.0 (Macintosh; Intel Mac OS X 10_12_5) AppleWebKit/537.36 (KHTML, like Gecko) Chrome/61.0.3163.100 Safari/537.36',
  'accept' => '*/*',
  'referer' => 'http://www.bintp.com/static/admin/style/font-awesome.css',
  'accept-encoding' => 'gzip, deflate',
  'accept-language' => 'zh-CN,zh;q=0.8,en;q=0.6',
  'cookie' => 'pgv_pvi=2248419328',
)
[ info ] [ PARAM ] array (
  'v' => '4.3.0',
)
[ info ] [ LOG ] INIT File
---------------------------------------------------------------
[ 2017-10-06T16:37:48+08:00 ] ::1 ::1 GET /admin/cate/add.html
[ info ] www.bintp.com/admin/cate/add.html [运行时间：0.106590s][吞吐率：9.38req/s] [内存消耗：3,819.69kb] [文件加载：58]
[ info ] [ LANG ] /Users/yinbin/Code/bintp/thinkphp/lang/zh-cn.php
[ info ] [ ROUTE ] array (
  'type' => 'module',
  'module' => 
  array (
    0 => 'admin',
    1 => 'cate',
    2 => 'add',
  ),
)
[ info ] [ HEADER ] array (
  'host' => 'www.bintp.com',
  'connection' => 'keep-alive',
  'upgrade-insecure-requests' => '1',
  'user-agent' => 'Mozilla/5.0 (Macintosh; Intel Mac OS X 10_12_5) AppleWebKit/537.36 (KHTML, like Gecko) Chrome/61.0.3163.100 Safari/537.36',
  'accept' => 'text/html,application/xhtml+xml,application/xml;q=0.9,image/webp,image/apng,*/*;q=0.8',
  'referer' => 'http://www.bintp.com/admin/conf/lst.html',
  'accept-encoding' => 'gzip, deflate',
  'accept-language' => 'zh-CN,zh;q=0.8,en;q=0.6',
  'cookie' => 'pgv_pvi=2248419328',
)
[ info ] [ PARAM ] array (
)
[ info ] [ RUN ] app\admin\controller\Cate->add[ /Users/yinbin/Code/bintp/application/admin/controller/Cate.php ]
[ info ] [ DB ] INIT mysql
[ info ] [ VIEW ] /Users/yinbin/Code/bintp/public/../application/admin/view/cate/add.htm [ array (
  0 => 'con',
  1 => 'cateRes',
  2 => 'cateid',
) ]
[ info ] [ LOG ] INIT File
[ sql ] [ DB ] CONNECT:[ UseTime:0.000958s ] mysql:dbname=bin_cms;host=127.0.0.1;charset=utf8
[ sql ] [ SQL ] SHOW COLUMNS FROM `cms_cate` [ RunTime:0.007727s ]
[ sql ] [ SQL ] SELECT * FROM `cms_cate` ORDER BY sort desc [ RunTime:0.001146s ]
---------------------------------------------------------------
[ 2017-10-06T16:37:48+08:00 ] ::1 ::1 GET /static/admin/fonts/fontawesome-webfont.woff2?v=4.3.0
[ info ] www.bintp.com/static/admin/fonts/fontawesome-webfont.woff2?v=4.3.0 [运行时间：0.036869s][吞吐率：27.12req/s] [内存消耗：1,861.99kb] [文件加载：40]
[ info ] [ LANG ] /Users/yinbin/Code/bintp/thinkphp/lang/zh-cn.php
[ info ] [ ROUTE ] array (
  'type' => 'module',
  'module' => 
  array (
    0 => 'static',
    1 => 'admin',
    2 => 'fonts',
  ),
)
[ info ] [ HEADER ] array (
  'host' => 'www.bintp.com',
  'connection' => 'keep-alive',
  'origin' => 'http://www.bintp.com',
  'user-agent' => 'Mozilla/5.0 (Macintosh; Intel Mac OS X 10_12_5) AppleWebKit/537.36 (KHTML, like Gecko) Chrome/61.0.3163.100 Safari/537.36',
  'accept' => '*/*',
  'referer' => 'http://www.bintp.com/static/admin/style/font-awesome.css',
  'accept-encoding' => 'gzip, deflate',
  'accept-language' => 'zh-CN,zh;q=0.8,en;q=0.6',
  'cookie' => 'pgv_pvi=2248419328',
)
[ info ] [ PARAM ] array (
  'v' => '4.3.0',
)
[ info ] [ LOG ] INIT File
