---------------------------------------------------------------
[ 2017-07-23T23:55:59+08:00 ] ::1 ::1 GET /admin/cate/index.html
[ info ] www.bintp.com/admin/cate/index.html [运行时间：0.108342s][吞吐率：9.23req/s] [内存消耗：2,530.41kb] [文件加载：51]
[ info ] [ LANG ] /Users/yinbin/Code/bintp/thinkphp/lang/zh-cn.php
[ info ] [ ROUTE ] array (
  'type' => 'module',
  'module' => 
  array (
    0 => 'admin',
    1 => 'cate',
    2 => 'index',
  ),
)
[ info ] [ HEADER ] array (
  'host' => 'www.bintp.com',
  'connection' => 'keep-alive',
  'cache-control' => 'max-age=0',
  'upgrade-insecure-requests' => '1',
  'user-agent' => 'Mozilla/5.0 (Macintosh; Intel Mac OS X 10_12_5) AppleWebKit/537.36 (KHTML, like Gecko) Chrome/59.0.3071.115 Safari/537.36',
  'accept' => 'text/html,application/xhtml+xml,application/xml;q=0.9,image/webp,image/apng,*/*;q=0.8',
  'referer' => 'http://www.bintp.com/admin/conf/lst.html',
  'accept-encoding' => 'gzip, deflate',
  'accept-language' => 'zh-CN,zh;q=0.8,en;q=0.6',
  'cookie' => 'pgv_pvi=2248419328',
)
[ info ] [ PARAM ] array (
)
[ info ] [ RUN ] app\admin\controller\Cate->index[ /Users/yinbin/Code/bintp/application/admin/controller/Cate.php ]
[ info ] [ VIEW ] /Users/yinbin/Code/bintp/public/../application/admin/view/cate/index.htm [ array (
  0 => 'con',
) ]
[ info ] [ LOG ] INIT File
---------------------------------------------------------------
[ 2017-07-23T23:55:59+08:00 ] ::1 ::1 GET /static/admin/fonts/fontawesome-webfont.woff2?v=4.3.0
[ info ] www.bintp.com/static/admin/fonts/fontawesome-webfont.woff2?v=4.3.0 [运行时间：0.048517s][吞吐率：20.61req/s] [内存消耗：1,862.47kb] [文件加载：40]
[ info ] [ LANG ] /Users/yinbin/Code/bintp/thinkphp/lang/zh-cn.php
[ info ] [ ROUTE ] array (
  'type' => 'module',
  'module' => 
  array (
    0 => 'static',
    1 => 'admin',
    2 => 'fonts',
  ),
)
[ info ] [ HEADER ] array (
  'host' => 'www.bintp.com',
  'connection' => 'keep-alive',
  'origin' => 'http://www.bintp.com',
  'user-agent' => 'Mozilla/5.0 (Macintosh; Intel Mac OS X 10_12_5) AppleWebKit/537.36 (KHTML, like Gecko) Chrome/59.0.3071.115 Safari/537.36',
  'accept' => '*/*',
  'referer' => 'http://www.bintp.com/static/admin/style/font-awesome.css',
  'accept-encoding' => 'gzip, deflate',
  'accept-language' => 'zh-CN,zh;q=0.8,en;q=0.6',
  'cookie' => 'pgv_pvi=2248419328',
)
[ info ] [ PARAM ] array (
  'v' => '4.3.0',
)
[ info ] [ LOG ] INIT File
---------------------------------------------------------------
[ 2017-07-23T23:56:20+08:00 ] ::1 ::1 GET /admin/cate/index.html
[ info ] www.bintp.com/admin/cate/index.html [运行时间：0.096291s][吞吐率：10.39req/s] [内存消耗：2,305.03kb] [文件加载：49]
[ info ] [ LANG ] /Users/yinbin/Code/bintp/thinkphp/lang/zh-cn.php
[ info ] [ ROUTE ] array (
  'type' => 'module',
  'module' => 
  array (
    0 => 'admin',
    1 => 'cate',
    2 => 'index',
  ),
)
[ info ] [ HEADER ] array (
  'host' => 'www.bintp.com',
  'connection' => 'keep-alive',
  'cache-control' => 'max-age=0',
  'upgrade-insecure-requests' => '1',
  'user-agent' => 'Mozilla/5.0 (Macintosh; Intel Mac OS X 10_12_5) AppleWebKit/537.36 (KHTML, like Gecko) Chrome/59.0.3071.115 Safari/537.36',
  'accept' => 'text/html,application/xhtml+xml,application/xml;q=0.9,image/webp,image/apng,*/*;q=0.8',
  'referer' => 'http://www.bintp.com/admin/conf/lst.html',
  'accept-encoding' => 'gzip, deflate',
  'accept-language' => 'zh-CN,zh;q=0.8,en;q=0.6',
  'cookie' => 'pgv_pvi=2248419328',
)
[ info ] [ PARAM ] array (
)
[ info ] [ RUN ] app\admin\controller\Cate->index[ /Users/yinbin/Code/bintp/application/admin/controller/Cate.php ]
[ info ] [ VIEW ] /Users/yinbin/Code/bintp/public/../application/admin/view/cate/index.htm [ array (
  0 => 'con',
) ]
[ info ] [ LOG ] INIT File
---------------------------------------------------------------
[ 2017-07-23T23:56:20+08:00 ] ::1 ::1 GET /static/admin/fonts/fontawesome-webfont.woff2?v=4.3.0
[ info ] www.bintp.com/static/admin/fonts/fontawesome-webfont.woff2?v=4.3.0 [运行时间：0.109007s][吞吐率：9.17req/s] [内存消耗：1,862.47kb] [文件加载：40]
[ info ] [ LANG ] /Users/yinbin/Code/bintp/thinkphp/lang/zh-cn.php
[ info ] [ ROUTE ] array (
  'type' => 'module',
  'module' => 
  array (
    0 => 'static',
    1 => 'admin',
    2 => 'fonts',
  ),
)
[ info ] [ HEADER ] array (
  'host' => 'www.bintp.com',
  'connection' => 'keep-alive',
  'origin' => 'http://www.bintp.com',
  'user-agent' => 'Mozilla/5.0 (Macintosh; Intel Mac OS X 10_12_5) AppleWebKit/537.36 (KHTML, like Gecko) Chrome/59.0.3071.115 Safari/537.36',
  'accept' => '*/*',
  'referer' => 'http://www.bintp.com/static/admin/style/font-awesome.css',
  'accept-encoding' => 'gzip, deflate',
  'accept-language' => 'zh-CN,zh;q=0.8,en;q=0.6',
  'cookie' => 'pgv_pvi=2248419328',
)
[ info ] [ PARAM ] array (
  'v' => '4.3.0',
)
[ info ] [ LOG ] INIT File
---------------------------------------------------------------
[ 2017-07-23T23:56:38+08:00 ] ::1 ::1 GET /admin/cate/index.html
[ info ] www.bintp.com/admin/cate/index.html [运行时间：0.050584s][吞吐率：19.77req/s] [内存消耗：2,305.08kb] [文件加载：49]
[ info ] [ LANG ] /Users/yinbin/Code/bintp/thinkphp/lang/zh-cn.php
[ info ] [ ROUTE ] array (
  'type' => 'module',
  'module' => 
  array (
    0 => 'admin',
    1 => 'cate',
    2 => 'index',
  ),
)
[ info ] [ HEADER ] array (
  'host' => 'www.bintp.com',
  'connection' => 'keep-alive',
  'cache-control' => 'max-age=0',
  'upgrade-insecure-requests' => '1',
  'user-agent' => 'Mozilla/5.0 (Macintosh; Intel Mac OS X 10_12_5) AppleWebKit/537.36 (KHTML, like Gecko) Chrome/59.0.3071.115 Safari/537.36',
  'accept' => 'text/html,application/xhtml+xml,application/xml;q=0.9,image/webp,image/apng,*/*;q=0.8',
  'referer' => 'http://www.bintp.com/admin/conf/lst.html',
  'accept-encoding' => 'gzip, deflate',
  'accept-language' => 'zh-CN,zh;q=0.8,en;q=0.6',
  'cookie' => 'pgv_pvi=2248419328',
)
[ info ] [ PARAM ] array (
)
[ info ] [ RUN ] app\admin\controller\Cate->index[ /Users/yinbin/Code/bintp/application/admin/controller/Cate.php ]
[ info ] [ VIEW ] /Users/yinbin/Code/bintp/public/../application/admin/view/cate/index.htm [ array (
  0 => 'con',
) ]
[ info ] [ LOG ] INIT File
---------------------------------------------------------------
[ 2017-07-23T23:56:38+08:00 ] ::1 ::1 GET /static/admin/fonts/fontawesome-webfont.woff2?v=4.3.0
[ info ] www.bintp.com/static/admin/fonts/fontawesome-webfont.woff2?v=4.3.0 [运行时间：0.050758s][吞吐率：19.70req/s] [内存消耗：1,862.47kb] [文件加载：40]
[ info ] [ LANG ] /Users/yinbin/Code/bintp/thinkphp/lang/zh-cn.php
[ info ] [ ROUTE ] array (
  'type' => 'module',
  'module' => 
  array (
    0 => 'static',
    1 => 'admin',
    2 => 'fonts',
  ),
)
[ info ] [ HEADER ] array (
  'host' => 'www.bintp.com',
  'connection' => 'keep-alive',
  'origin' => 'http://www.bintp.com',
  'user-agent' => 'Mozilla/5.0 (Macintosh; Intel Mac OS X 10_12_5) AppleWebKit/537.36 (KHTML, like Gecko) Chrome/59.0.3071.115 Safari/537.36',
  'accept' => '*/*',
  'referer' => 'http://www.bintp.com/static/admin/style/font-awesome.css',
  'accept-encoding' => 'gzip, deflate',
  'accept-language' => 'zh-CN,zh;q=0.8,en;q=0.6',
  'cookie' => 'pgv_pvi=2248419328',
)
[ info ] [ PARAM ] array (
  'v' => '4.3.0',
)
[ info ] [ LOG ] INIT File
---------------------------------------------------------------
[ 2017-07-23T23:57:48+08:00 ] ::1 ::1 GET /admin/cate/index.html
[ info ] www.bintp.com/admin/cate/index.html [运行时间：0.038774s][吞吐率：25.79req/s] [内存消耗：2,305.03kb] [文件加载：49]
[ info ] [ LANG ] /Users/yinbin/Code/bintp/thinkphp/lang/zh-cn.php
[ info ] [ ROUTE ] array (
  'type' => 'module',
  'module' => 
  array (
    0 => 'admin',
    1 => 'cate',
    2 => 'index',
  ),
)
[ info ] [ HEADER ] array (
  'host' => 'www.bintp.com',
  'connection' => 'keep-alive',
  'cache-control' => 'max-age=0',
  'upgrade-insecure-requests' => '1',
  'user-agent' => 'Mozilla/5.0 (Macintosh; Intel Mac OS X 10_12_5) AppleWebKit/537.36 (KHTML, like Gecko) Chrome/59.0.3071.115 Safari/537.36',
  'accept' => 'text/html,application/xhtml+xml,application/xml;q=0.9,image/webp,image/apng,*/*;q=0.8',
  'referer' => 'http://www.bintp.com/admin/conf/lst.html',
  'accept-encoding' => 'gzip, deflate',
  'accept-language' => 'zh-CN,zh;q=0.8,en;q=0.6',
  'cookie' => 'pgv_pvi=2248419328',
)
[ info ] [ PARAM ] array (
)
[ info ] [ RUN ] app\admin\controller\Cate->index[ /Users/yinbin/Code/bintp/application/admin/controller/Cate.php ]
[ info ] [ VIEW ] /Users/yinbin/Code/bintp/public/../application/admin/view/cate/index.htm [ array (
  0 => 'con',
) ]
[ info ] [ LOG ] INIT File
---------------------------------------------------------------
[ 2017-07-23T23:57:48+08:00 ] ::1 ::1 GET /static/admin/fonts/fontawesome-webfont.woff2?v=4.3.0
[ info ] www.bintp.com/static/admin/fonts/fontawesome-webfont.woff2?v=4.3.0 [运行时间：0.041341s][吞吐率：24.19req/s] [内存消耗：1,862.47kb] [文件加载：40]
[ info ] [ LANG ] /Users/yinbin/Code/bintp/thinkphp/lang/zh-cn.php
[ info ] [ ROUTE ] array (
  'type' => 'module',
  'module' => 
  array (
    0 => 'static',
    1 => 'admin',
    2 => 'fonts',
  ),
)
[ info ] [ HEADER ] array (
  'host' => 'www.bintp.com',
  'connection' => 'keep-alive',
  'origin' => 'http://www.bintp.com',
  'user-agent' => 'Mozilla/5.0 (Macintosh; Intel Mac OS X 10_12_5) AppleWebKit/537.36 (KHTML, like Gecko) Chrome/59.0.3071.115 Safari/537.36',
  'accept' => '*/*',
  'referer' => 'http://www.bintp.com/static/admin/style/font-awesome.css',
  'accept-encoding' => 'gzip, deflate',
  'accept-language' => 'zh-CN,zh;q=0.8,en;q=0.6',
  'cookie' => 'pgv_pvi=2248419328',
)
[ info ] [ PARAM ] array (
  'v' => '4.3.0',
)
[ info ] [ LOG ] INIT File
---------------------------------------------------------------
[ 2017-07-23T23:58:09+08:00 ] ::1 ::1 GET /admin/cate/index.html
[ info ] www.bintp.com/admin/cate/index.html [运行时间：0.041990s][吞吐率：23.82req/s] [内存消耗：2,305.03kb] [文件加载：49]
[ info ] [ LANG ] /Users/yinbin/Code/bintp/thinkphp/lang/zh-cn.php
[ info ] [ ROUTE ] array (
  'type' => 'module',
  'module' => 
  array (
    0 => 'admin',
    1 => 'cate',
    2 => 'index',
  ),
)
[ info ] [ HEADER ] array (
  'host' => 'www.bintp.com',
  'connection' => 'keep-alive',
  'cache-control' => 'max-age=0',
  'upgrade-insecure-requests' => '1',
  'user-agent' => 'Mozilla/5.0 (Macintosh; Intel Mac OS X 10_12_5) AppleWebKit/537.36 (KHTML, like Gecko) Chrome/59.0.3071.115 Safari/537.36',
  'accept' => 'text/html,application/xhtml+xml,application/xml;q=0.9,image/webp,image/apng,*/*;q=0.8',
  'referer' => 'http://www.bintp.com/admin/conf/lst.html',
  'accept-encoding' => 'gzip, deflate',
  'accept-language' => 'zh-CN,zh;q=0.8,en;q=0.6',
  'cookie' => 'pgv_pvi=2248419328',
)
[ info ] [ PARAM ] array (
)
[ info ] [ RUN ] app\admin\controller\Cate->index[ /Users/yinbin/Code/bintp/application/admin/controller/Cate.php ]
[ info ] [ VIEW ] /Users/yinbin/Code/bintp/public/../application/admin/view/cate/index.htm [ array (
  0 => 'con',
) ]
[ info ] [ LOG ] INIT File
---------------------------------------------------------------
[ 2017-07-23T23:58:10+08:00 ] ::1 ::1 GET /static/admin/fonts/fontawesome-webfont.woff2?v=4.3.0
[ info ] www.bintp.com/static/admin/fonts/fontawesome-webfont.woff2?v=4.3.0 [运行时间：0.046794s][吞吐率：21.37req/s] [内存消耗：1,862.47kb] [文件加载：40]
[ info ] [ LANG ] /Users/yinbin/Code/bintp/thinkphp/lang/zh-cn.php
[ info ] [ ROUTE ] array (
  'type' => 'module',
  'module' => 
  array (
    0 => 'static',
    1 => 'admin',
    2 => 'fonts',
  ),
)
[ info ] [ HEADER ] array (
  'host' => 'www.bintp.com',
  'connection' => 'keep-alive',
  'origin' => 'http://www.bintp.com',
  'user-agent' => 'Mozilla/5.0 (Macintosh; Intel Mac OS X 10_12_5) AppleWebKit/537.36 (KHTML, like Gecko) Chrome/59.0.3071.115 Safari/537.36',
  'accept' => '*/*',
  'referer' => 'http://www.bintp.com/static/admin/style/font-awesome.css',
  'accept-encoding' => 'gzip, deflate',
  'accept-language' => 'zh-CN,zh;q=0.8,en;q=0.6',
  'cookie' => 'pgv_pvi=2248419328',
)
[ info ] [ PARAM ] array (
  'v' => '4.3.0',
)
[ info ] [ LOG ] INIT File
